#
# A fatal error has been detected by the Java Runtime Environment:
#
#  EXCEPTION_ACCESS_VIOLATION (0xc0000005) at pc=0x00007ff93d94c236, pid=2440, tid=7244
#
# JRE version: OpenJDK Runtime Environment Temurin-21.0.4+7 (21.0.4+7) (build 21.0.4+7-LTS)
# Java VM: OpenJDK 64-Bit Server VM Temurin-21.0.4+7 (21.0.4+7-LTS, mixed mode, emulated-client, tiered, compressed oops, compressed class ptrs, g1 gc, windows-amd64)
# Problematic frame:
# V  [jvm.dll+0xc236]
#
# No core dump will be written. Minidumps are not enabled by default on client versions of Windows
#
# If you would like to submit a bug report, please visit:
#   https://github.com/adoptium/adoptium-support/issues
#

---------------  S U M M A R Y ------------

Command Line: -XX:+ShowCodeDetailsInExceptionMessages -agentlib:jdwp=transport=dt_socket,suspend=y,address=localhost:53985 -Dcom.sun.management.jmxremote -Dcom.sun.management.jmxremote.port=53984 -Dcom.sun.management.jmxremote.authenticate=false -Dcom.sun.management.jmxremote.ssl=false -Djava.rmi.server.hostname=localhost -Dspring.jmx.enabled=true -Dmanagement.endpoints.jmx.exposure.include=* -Dspring.application.admin.enabled=true -XX:TieredStopAtLevel=1 -Dspring.boot.project.name=pos -javaagent:E:\util\spring-tool-suite-4-4.26.0.RELEASE-e4.33.0-win32.win32.x86_64\sts-4.26.0.RELEASE\configuration\org.eclipse.osgi\271\0\.cp\lib\javaagent-shaded.jar -Dfile.encoding=UTF-8 -Dstdout.encoding=UTF-8 -Dstderr.encoding=UTF-8 com.jjsoft.pos.PosApplication --spring.output.ansi.enabled=always

Host: Intel(R) Core(TM) Ultra 7 155H, 22 cores, 31G,  Windows 11 , 64 bit Build 26100 (10.0.26100.3323)
Time: Tue Jul  1 00:18:06 2025  Windows 11 , 64 bit Build 26100 (10.0.26100.3323) elapsed time: 13627.464253 seconds (0d 3h 47m 7s)

---------------  T H R E A D  ---------------

Current thread (0x0000025086c21120):  WorkerThread "GC Thread#11"   [id=7244, stack(0x00000073e3d00000,0x00000073e3e00000) (1024K)]

Stack: [0x00000073e3d00000,0x00000073e3e00000],  sp=0x00000073e3dfde68,  free space=1015k
Native frames: (J=compiled Java code, j=interpreted, Vv=VM code, C=native code)
V  [jvm.dll+0xc236]

JavaThread 0x000002508602ac90 (nid = 16780) was being processed
Java frames: (J=compiled Java code, j=interpreted, Vv=VM code)
j  java.lang.invoke.DirectMethodHandle$Holder.newInvokeSpecial(Ljava/lang/Object;)Ljava/lang/Object;+15 java.base@21.0.4
J 917 c1 jdk.internal.reflect.DirectConstructorHandleAccessor.newInstance([Ljava/lang/Object;)Ljava/lang/Object; java.base@21.0.4 (130 bytes) @ 0x00000250f0a08d6c [0x00000250f0a08b60+0x000000000000020c]
J 916 c1 java.lang.reflect.Constructor.newInstanceWithCaller([Ljava/lang/Object;ZLjava/lang/Class;)Ljava/lang/Object; java.base@21.0.4 (51 bytes) @ 0x00000250f0a0309c [0x00000250f0a02fc0+0x00000000000000dc]
J 22315 c1 java.lang.reflect.Constructor.newInstance([Ljava/lang/Object;)Ljava/lang/Object; java.base@21.0.4 (34 bytes) @ 0x00000250f1e9b3f4 [0x00000250f1e9b340+0x00000000000000b4]
j  org.hibernate.metamodel.internal.EntityInstantiatorPojoStandard.instantiate(Lorg/hibernate/engine/spi/SessionFactoryImplementor;)Ljava/lang/Object;+51
j  org.hibernate.persister.entity.AbstractEntityPersister.lambda$prepareMappingModel$15(Lorg/hibernate/metamodel/spi/EntityInstantiator;Lorg/hibernate/engine/spi/SessionFactoryImplementor;)Ljava/lang/Object;+2
j  org.hibernate.persister.entity.AbstractEntityPersister$$Lambda+0x00000008009ae990.get()Ljava/lang/Object;+8
j  org.hibernate.internal.util.LazyValue.getValue()Ljava/lang/Object;+11
j  org.hibernate.persister.entity.AbstractEntityPersister$$Lambda+0x00000008009aebb0.get()Ljava/lang/Object;+4
j  org.hibernate.engine.internal.UnsavedValueFactory.getUnsavedIdentifierValue(Lorg/hibernate/mapping/KeyValue;Lorg/hibernate/type/descriptor/java/JavaType;Lorg/hibernate/property/access/spi/Getter;Ljava/util/function/Supplier;)Lorg/hibernate/engine/spi/IdentifierValue;+22
j  org.hibernate.metamodel.mapping.internal.BasicEntityIdentifierMappingImpl.<init>(Lorg/hibernate/persister/entity/EntityPersister;Ljava/util/function/Supplier;Ljava/lang/String;Ljava/lang/String;Ljava/lang/String;Ljava/lang/String;Ljava/lang/Long;Ljava/lang/Integer;Ljava/lang/Integer;ZZLorg/hibernate/type/BasicType;Lorg/hibernate/metamodel/mapping/internal/MappingModelCreationProcess;)V+178
J 33721 c1 org.hibernate.persister.entity.AbstractEntityPersister.generateIdentifierMapping(Ljava/util/function/Supplier;Lorg/hibernate/mapping/PersistentClass;Lorg/hibernate/metamodel/mapping/internal/MappingModelCreationProcess;)Lorg/hibernate/metamodel/mapping/EntityIdentifierMapping; (213 bytes) @ 0x00000250f1a25dec [0x00000250f1a25900+0x00000000000004ec]
J 33718 c1 org.hibernate.metamodel.mapping.internal.MappingModelCreationProcess.processSubPart(Ljava/lang/String;Lorg/hibernate/metamodel/mapping/internal/MappingModelCreationProcess$SubPartMappingProducer;)Lorg/hibernate/metamodel/mapping/ModelPart; (74 bytes) @ 0x00000250f1a1912c [0x00000250f1a18de0+0x000000000000034c]
J 33713 c1 org.hibernate.persister.entity.AbstractEntityPersister.prepareMappingModel(Lorg/hibernate/metamodel/mapping/internal/MappingModelCreationProcess;Lorg/hibernate/mapping/PersistentClass;)V (182 bytes) @ 0x00000250f1a7b0ec [0x00000250f1a7ad40+0x00000000000003ac]
J 30236 c1 org.hibernate.persister.entity.AbstractEntityPersister.prepareMappingModel(Lorg/hibernate/metamodel/mapping/internal/MappingModelCreationProcess;)V (524 bytes) @ 0x00000250f0f2ecfc [0x00000250f0f2e880+0x000000000000047c]
j  org.hibernate.metamodel.mapping.internal.MappingModelCreationProcess.execute()V+96
j  org.hibernate.metamodel.mapping.internal.MappingModelCreationProcess.process(Lorg/hibernate/metamodel/model/domain/internal/EntityPersisterConcurrentMap;Lorg/hibernate/metamodel/spi/RuntimeModelCreationContext;)V+11
j  org.hibernate.metamodel.model.domain.internal.MappingMetamodelImpl.finishInitialization(Lorg/hibernate/metamodel/spi/RuntimeModelCreationContext;)V+112
j  org.hibernate.internal.SessionFactoryImpl.initializeMappingModel(Lorg/hibernate/metamodel/model/domain/internal/MappingMetamodelImpl;Lorg/hibernate/boot/spi/BootstrapContext;Lorg/hibernate/boot/spi/MetadataImplementor;Lorg/hibernate/boot/spi/SessionFactoryOptions;)V+18
j  org.hibernate.internal.SessionFactoryImpl.<init>(Lorg/hibernate/boot/spi/MetadataImplementor;Lorg/hibernate/boot/spi/SessionFactoryOptions;Lorg/hibernate/boot/spi/BootstrapContext;)V+599
j  org.hibernate.boot.internal.SessionFactoryBuilderImpl.build()Lorg/hibernate/SessionFactory;+16
j  org.hibernate.jpa.boot.internal.EntityManagerFactoryBuilderImpl.build()Ljakarta/persistence/EntityManagerFactory;+22
j  org.springframework.orm.jpa.vendor.SpringHibernateJpaPersistenceProvider.createContainerEntityManagerFactory(Ljakarta/persistence/spi/PersistenceUnitInfo;Ljava/util/Map;)Ljakarta/persistence/EntityManagerFactory;+59
j  org.springframework.orm.jpa.LocalContainerEntityManagerFactoryBean.createNativeEntityManagerFactory()Ljakarta/persistence/EntityManagerFactory;+111
j  org.springframework.orm.jpa.AbstractEntityManagerFactoryBean.buildNativeEntityManagerFactory()Ljakarta/persistence/EntityManagerFactory;+1
j  org.springframework.orm.jpa.AbstractEntityManagerFactoryBean.afterPropertiesSet()V+192
j  org.springframework.orm.jpa.LocalContainerEntityManagerFactoryBean.afterPropertiesSet()V+84
J 24742 c1 org.springframework.beans.factory.support.AbstractAutowireCapableBeanFactory.invokeInitMethods(Ljava/lang/String;Ljava/lang/Object;Lorg/springframework/beans/factory/support/RootBeanDefinition;)V (161 bytes) @ 0x00000250f1c81b4c [0x00000250f1c81880+0x00000000000002cc]
J 24730 c1 org.springframework.beans.factory.support.AbstractAutowireCapableBeanFactory.initializeBean(Ljava/lang/String;Ljava/lang/Object;Lorg/springframework/beans/factory/support/RootBeanDefinition;)Ljava/lang/Object; (93 bytes) @ 0x00000250f1c0e604 [0x00000250f1c0e520+0x00000000000000e4]
J 24737 c1 org.springframework.beans.factory.support.AbstractAutowireCapableBeanFactory.doCreateBean(Ljava/lang/String;Lorg/springframework/beans/factory/support/RootBeanDefinition;[Ljava/lang/Object;)Ljava/lang/Object; (469 bytes) @ 0x00000250f1c61634 [0x00000250f1c60f20+0x0000000000000714]
J 24728 c1 org.springframework.beans.factory.support.AbstractAutowireCapableBeanFactory.createBean(Ljava/lang/String;Lorg/springframework/beans/factory/support/RootBeanDefinition;[Ljava/lang/Object;)Ljava/lang/Object; (214 bytes) @ 0x00000250f1c0f8bc [0x00000250f1c0f3c0+0x00000000000004fc]
J 24735 c1 org.springframework.beans.factory.support.AbstractBeanFactory$$Lambda+0x0000000800386d40.getObject()Ljava/lang/Object; (20 bytes) @ 0x00000250f1c6423c [0x00000250f1c641a0+0x000000000000009c]
J 24727 c1 org.springframework.beans.factory.support.DefaultSingletonBeanRegistry.getSingleton(Ljava/lang/String;Lorg/springframework/beans/factory/ObjectFactory;)Ljava/lang/Object; (279 bytes) @ 0x00000250f1c65bfc [0x00000250f1c656c0+0x000000000000053c]
J 3421 c1 org.springframework.beans.factory.support.AbstractBeanFactory.doGetBean(Ljava/lang/String;Ljava/lang/Class;[Ljava/lang/Object;Z)Ljava/lang/Object; (787 bytes) @ 0x00000250f0ff9314 [0x00000250f0ff8ca0+0x0000000000000674]
J 20409 c1 org.springframework.beans.factory.support.AbstractBeanFactory.getBean(Ljava/lang/String;Ljava/lang/Class;)Ljava/lang/Object; (9 bytes) @ 0x00000250f16fdf94 [0x00000250f16fdf20+0x0000000000000074]
j  org.springframework.context.support.AbstractApplicationContext.finishBeanFactoryInitialization(Lorg/springframework/beans/factory/config/ConfigurableListableBeanFactory;)V+109
j  org.springframework.context.support.AbstractApplicationContext.refresh()V+94
j  org.springframework.boot.web.servlet.context.ServletWebServerApplicationContext.refresh()V+1
j  org.springframework.boot.SpringApplication.refresh(Lorg/springframework/context/ConfigurableApplicationContext;)V+1
j  org.springframework.boot.SpringApplication.refreshContext(Lorg/springframework/context/ConfigurableApplicationContext;)V+16
j  org.springframework.boot.SpringApplication.run([Ljava/lang/String;)Lorg/springframework/context/ConfigurableApplicationContext;+110
j  org.springframework.boot.SpringApplication.run([Ljava/lang/Class;[Ljava/lang/String;)Lorg/springframework/context/ConfigurableApplicationContext;+9
j  org.springframework.boot.SpringApplication.run(Ljava/lang/Class;[Ljava/lang/String;)Lorg/springframework/context/ConfigurableApplicationContext;+9
j  com.jjsoft.pos.PosApplication.main([Ljava/lang/String;)V+3
j  java.lang.invoke.LambdaForm$DMH+0x00000008000c4c00.invokeStatic(Ljava/lang/Object;Ljava/lang/Object;)V+10 java.base@21.0.4
j  java.lang.invoke.LambdaForm$MH+0x000000080071c000.invoke(Ljava/lang/Object;Ljava/lang/Object;Ljava/lang/Object;)Ljava/lang/Object;+33 java.base@21.0.4
J 4486 c1 jdk.internal.reflect.DirectMethodHandleAccessor.invoke(Ljava/lang/Object;[Ljava/lang/Object;)Ljava/lang/Object; java.base@21.0.4 (92 bytes) @ 0x00000250f11cb3fc [0x00000250f11cb040+0x00000000000003bc]
J 4520 c1 java.lang.reflect.Method.invoke(Ljava/lang/Object;[Ljava/lang/Object;)Ljava/lang/Object; java.base@21.0.4 (108 bytes) @ 0x00000250f11da6f4 [0x00000250f11da500+0x00000000000001f4]
j  org.springframework.boot.devtools.restart.RestartLauncher.run()V+47
v  ~StubRoutines::call_stub 0x00000250f05d100d

siginfo: EXCEPTION_ACCESS_VIOLATION (0xc0000005), reading address 0x00000008823f48cf


Registers:
RAX=0x0000000000000000, RBX=0x0000000000000000, RCX=0x00000073e4dfca60, RDX=0x00000073e4dfca60
RSP=0x00000073e3dfde68, RBP=0x00000073e3dfe040, RSI=0x00000073e3dfe210, RDI=0x00000073e4dfca60
R8 =0x00000008823f48c7, R9 =0x00000073e4dfca60, R10=0x00000250f05d0000, R11=0x00000073e3dfe0b8
R12=0x00000250ffb1c608, R13=0x00000073e4dfca60, R14=0x000002508e837f10, R15=0x00000008823f48c7
RIP=0x00007ff93d94c236, EFLAGS=0x0000000000010202


Register to memory mapping:

RAX=0x0 is null
RBX=0x0 is null
RCX=0x00000073e4dfca60 is pointing into the stack for thread: 0x000002508602ac90
RDX=0x00000073e4dfca60 is pointing into the stack for thread: 0x000002508602ac90
RSP=0x00000073e3dfde68 points into unknown readable memory: 0x00007ff93dc96a5b | 5b 6a c9 3d f9 7f 00 00
RBP=0x00000073e3dfe040 points into unknown readable memory: 0x00000073e3dfe210 | 10 e2 df e3 73 00 00 00
RSI=0x00000073e3dfe210 points into unknown readable memory: 0x00000073e4dfca58 | 58 ca df e4 73 00 00 00
RDI=0x00000073e4dfca60 is pointing into the stack for thread: 0x000002508602ac90
R8 =0x00000008823f48c7 is an unknown value
R9 =0x00000073e4dfca60 is pointing into the stack for thread: 0x000002508602ac90
R10=0x00000250f05d0000 points into unknown readable memory: 0x0000000000000006 | 06 00 00 00 00 00 00 00
R11=0x00000073e3dfe0b8 points into unknown readable memory: 0x00007ff93dc5337d | 7d 33 c5 3d f9 7f 00 00
R12=0x00000250ffb1c608 points into unknown readable memory: 0x4c2800329416ffff | ff ff 16 94 32 00 28 4c
R13=0x00000073e4dfca60 is pointing into the stack for thread: 0x000002508602ac90
R14=0x000002508e837f10 points into unknown readable memory: 0x00007ff93e365a88 | 88 5a 36 3e f9 7f 00 00
R15=0x00000008823f48c7 is an unknown value

Top of Stack: (sp=0x00000073e3dfde68)
0x00000073e3dfde68:   00007ff93dc96a5b 0000000000000000
0x00000073e3dfde78:   0000000000000004 00000000000000d1
0x00000073e3dfde88:   00007ff93dffa91f 00000000000000d1
0x00000073e3dfde98:   0000000000000005 0000000000000001
0x00000073e3dfdea8:   00007ff93e0d4e51 0000000000000000
0x00000073e3dfdeb8:   00000073e3dfdf18 000002508e7df488
0x00000073e3dfdec8:   0000000000000000 0000025086beeab0
0x00000073e3dfded8:   0000025086624f00 00000250ffb1c608
0x00000073e3dfdee8:   00000073e4dfca60 00000073e3dfe210
0x00000073e3dfdef8:   00000073e3dfe040 000002508e7df488
0x00000073e3dfdf08:   00007ff93dca5024 00000073e3dfdfd0
0x00000073e3dfdf18:   00000073e3dfe210 00000250fe74eb18
0x00000073e3dfdf28:   0000000000000000 000002508e7df488
0x00000073e3dfdf38:   00007ff93dc5392b 0000000000000001
0x00000073e3dfdf48:   00000250823f48d8 000002508e7df488
0x00000073e3dfdf58:   00000073e3dfe210 0000000ff1f5a101
0x00000073e3dfdf68:   00000250823f48d8 0000025086c21120
0x00000073e3dfdf78:   0000025000000003 00000000000003d8
0x00000073e3dfdf88:   0000025086624f10 00000250866252e8
0x00000073e3dfdf98:   00000250823f48c7 00000250000000b8
0x00000073e3dfdfa8:   00000250823f48d8 00007ff93e35cff0
0x00000073e3dfdfb8:   00000073e3dfe210 000002508e7df488
0x00000073e3dfdfc8:   0000000300000001 00000250ffb1c608
0x00000073e3dfdfd8:   0000001300000001 0000000000000032
0x00000073e3dfdfe8:   000000010000000c 00000250fe74eb18
0x00000073e3dfdff8:   0000000000000000 0000025087c939a4
0x00000073e3dfe008:   000032e200000006 0000000500000003
0x00000073e3dfe018:   0000ffff0968e000 00007ff93e198330
0x00000073e3dfe028:   000002508e7df488 00000000000003d8
0x00000073e3dfe038:   00000250866252e8 00000073e3dfe210
0x00000073e3dfe048:   000002508e7df530 000002508e7df488
0x00000073e3dfe058:   00007ff93dca507e 000032e2193e606e 

Instructions: (pc=0x00007ff93d94c236)
0x00007ff93d94c136:   48 8b 05 33 89 cc 00 48 8b 48 60 48 8b 04 d1 48
0x00007ff93d94c146:   85 c0 75 08 48 8b 05 27 89 cc 00 c3 48 8b 05 17
0x00007ff93d94c156:   89 cc 00 c3 cc cc cc cc cc cc 8b 05 52 5e c1 00
0x00007ff93d94c166:   c3 cc cc cc cc cc cc cc cc cc 0f b6 05 a3 74 c1
0x00007ff93d94c176:   00 48 8b d1 84 c0 74 16 44 8b 41 08 8b 0d 30 5e
0x00007ff93d94c186:   c1 00 49 d3 e0 4c 03 05 1e 5e c1 00 eb 04 4c 8b
0x00007ff93d94c196:   41 08 45 8b 48 08 45 85 c9 7e 0e 41 f6 c1 01 75
0x00007ff93d94c1a6:   53 41 c1 f9 03 49 63 c1 c3 79 49 84 c0 41 b8 0c
0x00007ff93d94c1b6:   00 00 00 8b 05 69 6f c1 00 b9 10 00 00 00 41 0f
0x00007ff93d94c1c6:   45 c8 ff c8 4c 63 c0 41 8b c1 48 c1 f8 10 0f b6
0x00007ff93d94c1d6:   c0 48 63 14 11 41 8b c9 83 e1 3f 48 d3 e2 49 8d
0x00007ff93d94c1e6:   0c 10 49 f7 d0 48 03 c1 49 c1 e8 03 48 c1 e8 03
0x00007ff93d94c1f6:   49 23 c0 c3 49 8b 00 49 8b c8 48 ff a0 00 01 00
0x00007ff93d94c206:   00 cc cc cc cc cc cc cc cc cc 8b 44 24 30 45 03
0x00007ff93d94c216:   c9 44 2b 4c 24 28 83 c0 0b 44 03 ca 45 03 c8 41
0x00007ff93d94c226:   03 c1 c3 cc cc cc cc cc cc cc 4c 8b c2 48 8b d1
0x00007ff93d94c236:   45 8b 48 08 45 85 c9 7e 0e 41 f6 c1 01 75 56 41
0x00007ff93d94c246:   c1 f9 03 49 63 c1 c3 79 4c 80 3d c4 73 c1 00 00
0x00007ff93d94c256:   b8 0c 00 00 00 b9 10 00 00 00 0f 45 c8 8b 05 bf
0x00007ff93d94c266:   6e c1 00 ff c8 4c 63 c0 41 8b c1 48 c1 f8 10 48
0x00007ff93d94c276:   63 14 11 41 8b c9 83 e1 3f 0f b6 c0 48 d3 e2 49
0x00007ff93d94c286:   8d 0c 10 49 f7 d0 48 03 c1 49 c1 e8 03 48 c1 e8
0x00007ff93d94c296:   03 49 23 c0 c3 49 8b 00 49 8b c8 48 ff a0 00 01
0x00007ff93d94c2a6:   00 00 cc cc cc cc cc cc cc cc 48 8b 41 08 0f b7
0x00007ff93d94c2b6:   48 2c 0f b7 40 2a 83 c0 48 03 c1 c3 cc cc cc cc
0x00007ff93d94c2c6:   cc cc cc cc cc cc cc cc cc cc 48 89 5c 24 08 57
0x00007ff93d94c2d6:   48 83 ec 20 0f b6 05 df 70 cc 00 48 8b fa 48 8b
0x00007ff93d94c2e6:   d9 84 c0 74 4f 48 85 15 76 68 cc 00 74 38 48 8b
0x00007ff93d94c2f6:   ca e8 94 a8 8c 00 48 8b d0 48 85 db 74 25 48 85
0x00007ff93d94c306:   c0 74 20 48 8b c7 f0 48 0f b1 13 74 16 48 85 05
0x00007ff93d94c316:   4e 68 cc 00 74 0d 48 8b c8 f0 48 0f b1 13 48 3b
0x00007ff93d94c326:   c1 75 ea 48 8b fa 48 8b c7 48 8b 5c 24 30 48 83 


Stack slot to memory mapping:

stack at sp + 0 slots: 0x00007ff93dc96a5b jvm.dll
stack at sp + 1 slots: 0x0 is null
stack at sp + 2 slots: 0x0000000000000004 is an unknown value
stack at sp + 3 slots: 0x00000000000000d1 is an unknown value
stack at sp + 4 slots: 0x00007ff93dffa91f jvm.dll
stack at sp + 5 slots: 0x00000000000000d1 is an unknown value
stack at sp + 6 slots: 0x0000000000000005 is an unknown value
stack at sp + 7 slots: 0x0000000000000001 is an unknown value


---------------  P R O C E S S  ---------------

Threads class SMR info:
_java_thread_list=0x00000250891e94d0, length=43, elements={
0x00000250ffa4b190, 0x00000250ffaa74b0, 0x00000250ffaaa120, 0x00000250ffaaa790,
0x00000250ffadd910, 0x00000250ffada810, 0x00000250ffac1590, 0x00000250fe7aad50,
0x000002508601ecf0, 0x0000025086021590, 0x0000025086028bc0, 0x00000250865dc250,
0x0000025086bbdf90, 0x0000025086c2a680, 0x0000025086c5ac70, 0x000002508733e3c0,
0x000002508602b320, 0x000002508e826640, 0x000002508e823ee0, 0x000002508e825920,
0x000002508e82b500, 0x000002508ee37420, 0x00000250883ebfb0, 0x000002508ee387d0,
0x00000250883e91c0, 0x000002508e825fb0, 0x000002508e824c00, 0x000002508602a600,
0x000002508602ac90, 0x000002508602b9b0, 0x0000025086028530, 0x00000250860298e0,
0x0000025086029f70, 0x000002508ee39b80, 0x000002508ee38e60, 0x000002508ee394f0,
0x000002508ee3a210, 0x000002508ee36d90, 0x000002508ee3bc50, 0x000002508ee3c2e0,
0x000002508ee3d690, 0x000002508ee3c970, 0x000002508ee3a8a0
}

Java Threads: ( => current thread )
  0x00000250ffa4b190 JavaThread "Reference Handler"          daemon [_thread_blocked, id=10464, stack(0x00000073e2300000,0x00000073e2400000) (1024K)]
  0x00000250ffaa74b0 JavaThread "Finalizer"                  daemon [_thread_blocked, id=21780, stack(0x00000073e2400000,0x00000073e2500000) (1024K)]
  0x00000250ffaaa120 JavaThread "Signal Dispatcher"          daemon [_thread_blocked, id=26336, stack(0x00000073e2500000,0x00000073e2600000) (1024K)]
  0x00000250ffaaa790 JavaThread "Attach Listener"            daemon [_thread_blocked, id=8556, stack(0x00000073e2600000,0x00000073e2700000) (1024K)]
  0x00000250ffadd910 JavaThread "Service Thread"             daemon [_thread_blocked, id=6172, stack(0x00000073e2700000,0x00000073e2800000) (1024K)]
  0x00000250ffada810 JavaThread "Monitor Deflation Thread"   daemon [_thread_blocked, id=6400, stack(0x00000073e2800000,0x00000073e2900000) (1024K)]
  0x00000250ffac1590 JavaThread "C1 CompilerThread0"         daemon [_thread_blocked, id=12180, stack(0x00000073e2900000,0x00000073e2a00000) (1024K)]
  0x00000250fe7aad50 JavaThread "Common-Cleaner"             daemon [_thread_blocked, id=616, stack(0x00000073e2b00000,0x00000073e2c00000) (1024K)]
  0x000002508601ecf0 JavaThread "JDWP Transport Listener: dt_socket" daemon [_thread_blocked, id=7248, stack(0x00000073e2c00000,0x00000073e2d00000) (1024K)]
  0x0000025086021590 JavaThread "JDWP Event Helper Thread"   daemon [_thread_blocked, id=20260, stack(0x00000073e2d00000,0x00000073e2e00000) (1024K)]
  0x0000025086028bc0 JavaThread "JDWP Command Reader"        daemon [_thread_in_native, id=26280, stack(0x00000073e2e00000,0x00000073e2f00000) (1024K)]
  0x00000250865dc250 JavaThread "Notification Thread"        daemon [_thread_blocked, id=10776, stack(0x00000073e2f00000,0x00000073e3000000) (1024K)]
  0x0000025086bbdf90 JavaThread "RMI TCP Accept-0"           daemon [_thread_in_native, id=1248, stack(0x00000073e3200000,0x00000073e3300000) (1024K)]
  0x0000025086c2a680 JavaThread "RMI TCP Accept-53984"       daemon [_thread_in_native, id=24764, stack(0x00000073e3e00000,0x00000073e3f00000) (1024K)]
  0x0000025086c5ac70 JavaThread "RMI TCP Accept-0"           daemon [_thread_in_native, id=25728, stack(0x00000073e3f00000,0x00000073e4000000) (1024K)]
  0x000002508733e3c0 JavaThread "RMI Scheduler(0)"           daemon [_thread_blocked, id=24880, stack(0x00000073e4400000,0x00000073e4500000) (1024K)]
  0x000002508602b320 JavaThread "JMX server connection timeout 54" daemon [_thread_blocked, id=8576, stack(0x00000073e4600000,0x00000073e4700000) (1024K)]
  0x000002508e826640 JavaThread "Live Reload Server"         daemon [_thread_in_native, id=12636, stack(0x00000073e6300000,0x00000073e6400000) (1024K)]
  0x000002508e823ee0 JavaThread "DestroyJavaVM"                     [_thread_blocked, id=3432, stack(0x00000073e1b00000,0x00000073e1c00000) (1024K)]
  0x000002508e825920 JavaThread "File Watcher"               daemon [_thread_blocked, id=13812, stack(0x00000073e2a00000,0x00000073e2b00000) (1024K)]
  0x000002508e82b500 JavaThread "RMI TCP Connection(idle)"   daemon [_thread_blocked, id=27260, stack(0x00000073e1800000,0x00000073e1900000) (1024K)]
  0x000002508ee37420 JavaThread "File Watcher"               daemon [_thread_blocked, id=23688, stack(0x00000073e3100000,0x00000073e3200000) (1024K)]
  0x00000250883ebfb0 JavaThread "File Watcher"               daemon [_thread_blocked, id=2212, stack(0x00000073e4300000,0x00000073e4400000) (1024K)]
  0x000002508ee387d0 JavaThread "File Watcher"               daemon [_thread_blocked, id=23824, stack(0x00000073e3000000,0x00000073e3100000) (1024K)]
  0x00000250883e91c0 JavaThread "File Watcher"               daemon [_thread_blocked, id=20872, stack(0x00000073e4100000,0x00000073e4200000) (1024K)]
  0x000002508e825fb0 JavaThread "RMI TCP Connection(idle)"   daemon [_thread_blocked, id=24816, stack(0x00000073e6b00000,0x00000073e6c00000) (1024K)]
  0x000002508e824c00 JavaThread "RMI TCP Connection(321)-127.0.0.1" daemon [_thread_in_native, id=24788, stack(0x00000073e4500000,0x00000073e4600000) (1024K)]
  0x000002508602a600 JavaThread "Thread-86"                         [_thread_blocked, id=27028, stack(0x00000073e4200000,0x00000073e4300000) (1024K)]
  0x000002508602ac90 JavaThread "restartedMain"                     [_thread_blocked, id=16780, stack(0x00000073e4d00000,0x00000073e4e00000) (1024K)]
  0x000002508602b9b0 JavaThread "Catalina-utility-1"                [_thread_blocked, id=28144, stack(0x00000073e4e00000,0x00000073e4f00000) (1024K)]
  0x0000025086028530 JavaThread "http-nio-8080-exec-1"       daemon [_thread_blocked, id=28240, stack(0x00000073e4f00000,0x00000073e5000000) (1024K)]
  0x00000250860298e0 JavaThread "http-nio-8080-exec-2"       daemon [_thread_blocked, id=12264, stack(0x00000073e5000000,0x00000073e5100000) (1024K)]
  0x0000025086029f70 JavaThread "http-nio-8080-exec-3"       daemon [_thread_blocked, id=25208, stack(0x00000073e5100000,0x00000073e5200000) (1024K)]
  0x000002508ee39b80 JavaThread "http-nio-8080-exec-4"       daemon [_thread_blocked, id=26008, stack(0x00000073e5200000,0x00000073e5300000) (1024K)]
  0x000002508ee38e60 JavaThread "http-nio-8080-exec-5"       daemon [_thread_blocked, id=25588, stack(0x00000073e5300000,0x00000073e5400000) (1024K)]
  0x000002508ee394f0 JavaThread "http-nio-8080-exec-6"       daemon [_thread_blocked, id=10748, stack(0x00000073e5400000,0x00000073e5500000) (1024K)]
  0x000002508ee3a210 JavaThread "http-nio-8080-exec-7"       daemon [_thread_blocked, id=9600, stack(0x00000073e5500000,0x00000073e5600000) (1024K)]
  0x000002508ee36d90 JavaThread "http-nio-8080-exec-8"       daemon [_thread_blocked, id=27860, stack(0x00000073e5600000,0x00000073e5700000) (1024K)]
  0x000002508ee3bc50 JavaThread "http-nio-8080-exec-9"       daemon [_thread_blocked, id=27256, stack(0x00000073e5700000,0x00000073e5800000) (1024K)]
  0x000002508ee3c2e0 JavaThread "http-nio-8080-exec-10"      daemon [_thread_blocked, id=4180, stack(0x00000073e5800000,0x00000073e5900000) (1024K)]
  0x000002508ee3d690 JavaThread "Catalina-utility-2"                [_thread_blocked, id=4904, stack(0x00000073e5900000,0x00000073e5a00000) (1024K)]
  0x000002508ee3c970 JavaThread "container-5"                       [_thread_blocked, id=27864, stack(0x00000073e5a00000,0x00000073e5b00000) (1024K)]
  0x000002508ee3a8a0 JavaThread "HikariPool-24 housekeeper"  daemon [_thread_blocked, id=24016, stack(0x00000073e5b00000,0x00000073e5c00000) (1024K)]
Total: 43

Other Threads:
  0x00000250ff9e83f0 VMThread "VM Thread"                           [id=11292, stack(0x00000073e2200000,0x00000073e2300000) (1024K)]
  0x00000250ff9b09d0 WatcherThread "VM Periodic Task Thread"        [id=21816, stack(0x00000073e2100000,0x00000073e2200000) (1024K)]
  0x00000250fe6604f0 WorkerThread "GC Thread#0"                     [id=25776, stack(0x00000073e1c00000,0x00000073e1d00000) (1024K)]
  0x0000025086bc5390 WorkerThread "GC Thread#1"                     [id=23848, stack(0x00000073e3300000,0x00000073e3400000) (1024K)]
  0x0000025086bc5730 WorkerThread "GC Thread#2"                     [id=26576, stack(0x00000073e3400000,0x00000073e3500000) (1024K)]
  0x0000025086bc5ad0 WorkerThread "GC Thread#3"                     [id=24032, stack(0x00000073e3500000,0x00000073e3600000) (1024K)]
  0x0000025086bc5e70 WorkerThread "GC Thread#4"                     [id=24048, stack(0x00000073e3600000,0x00000073e3700000) (1024K)]
  0x0000025086bc6210 WorkerThread "GC Thread#5"                     [id=22996, stack(0x00000073e3700000,0x00000073e3800000) (1024K)]
  0x0000025086c17350 WorkerThread "GC Thread#6"                     [id=4508, stack(0x00000073e3800000,0x00000073e3900000) (1024K)]
  0x0000025086c17b00 WorkerThread "GC Thread#7"                     [id=20040, stack(0x00000073e3900000,0x00000073e3a00000) (1024K)]
  0x0000025086c17ea0 WorkerThread "GC Thread#8"                     [id=25736, stack(0x00000073e3a00000,0x00000073e3b00000) (1024K)]
  0x0000025086c18240 WorkerThread "GC Thread#9"                     [id=22688, stack(0x00000073e3b00000,0x00000073e3c00000) (1024K)]
  0x0000025086c21c00 WorkerThread "GC Thread#10"                    [id=25412, stack(0x00000073e3c00000,0x00000073e3d00000) (1024K)]
=>0x0000025086c21120 WorkerThread "GC Thread#11"                    [id=7244, stack(0x00000073e3d00000,0x00000073e3e00000) (1024K)]
  0x0000025086c21fa0 WorkerThread "GC Thread#12"                    [id=24836, stack(0x00000073e4000000,0x00000073e4100000) (1024K)]
  0x0000025086c21860 WorkerThread "GC Thread#13"                    [id=25768, stack(0x00000073e4700000,0x00000073e4800000) (1024K)]
  0x0000025086c209e0 WorkerThread "GC Thread#14"                    [id=12624, stack(0x00000073e4800000,0x00000073e4900000) (1024K)]
  0x0000025087466fb0 WorkerThread "GC Thread#15"                    [id=21676, stack(0x00000073e4c00000,0x00000073e4d00000) (1024K)]
  0x00000250ecaa69b0 ConcurrentGCThread "G1 Main Marker"            [id=26056, stack(0x00000073e1d00000,0x00000073e1e00000) (1024K)]
  0x00000250ecaa8170 WorkerThread "G1 Conc#0"                       [id=26108, stack(0x00000073e1e00000,0x00000073e1f00000) (1024K)]
  0x0000025086c214c0 WorkerThread "G1 Conc#1"                       [id=5232, stack(0x00000073e4900000,0x00000073e4a00000) (1024K)]
  0x0000025086c20640 WorkerThread "G1 Conc#2"                       [id=21996, stack(0x00000073e4a00000,0x00000073e4b00000) (1024K)]
  0x0000025086c20d80 WorkerThread "G1 Conc#3"                       [id=19132, stack(0x00000073e4b00000,0x00000073e4c00000) (1024K)]
  0x00000250ecace4a0 ConcurrentGCThread "G1 Refine#0"               [id=12616, stack(0x00000073e1f00000,0x00000073e2000000) (1024K)]
  0x00000250fe6fd0e0 ConcurrentGCThread "G1 Service"                [id=8228, stack(0x00000073e2000000,0x00000073e2100000) (1024K)]
Total: 25

Threads with active compile tasks:
Total: 0

VM state: at safepoint (normal execution)

VM Mutex/Monitor currently owned by a thread:  ([mutex/lock_event])
[0x00007ff93e5e7308] Threads_lock - owner thread: 0x00000250ff9e83f0
[0x00007ff93e5e7408] Heap_lock - owner thread: 0x000002508ee387d0

Heap address: 0x0000000606000000, size: 8096 MB, Compressed Oops mode: Zero based, Oop shift amount: 3

CDS archive(s) not mapped
Compressed class space mapped at: 0x0000000800000000-0x0000000840000000, reserved size: 1073741824
Narrow klass base: 0x0000000800000000, Narrow klass shift: 0, Narrow klass range: 0x40000000

GC Precious Log:
 CardTable entry size: 512
 Card Set container configuration: InlinePtr #cards 4 size 8 Array Of Cards #cards 32 size 80 Howl #buckets 8 coarsen threshold 7372 Howl Bitmap #cards 1024 size 144 coarsen threshold 921 Card regions per heap region 1 cards per card region 8192
 CPUs: 22 total, 22 available
 Memory: 32368M
 Large Page Support: Disabled
 NUMA Support: Disabled
 Compressed Oops: Enabled (Zero based)
 Heap Region Size: 4M
 Heap Min Capacity: 8M
 Heap Initial Capacity: 508M
 Heap Max Capacity: 8096M
 Pre-touch: Disabled
 Parallel Workers: 16
 Concurrent Workers: 4
 Concurrent Refinement Workers: 16
 Periodic GC: Disabled

Heap:
 garbage-first heap   total 122880K, used 99811K [0x0000000606000000, 0x0000000800000000)
  region size 4096K, 17 young (69632K), 2 survivors (8192K)
 Metaspace       used 104111K, committed 105024K, reserved 1179648K
  class space    used 13603K, committed 14016K, reserved 1048576K

Heap Regions: E=young(eden), S=young(survivor), O=old, HS=humongous(starts), HC=humongous(continues), CS=collection set, F=free, TAMS=top-at-mark-start, PB=parsable bottom
|   0|0x0000000606000000, 0x00000006063ffff8, 0x0000000606400000| 99%| O|  |TAMS 0x0000000606000000| PB 0x0000000606000000| Untracked 
|   1|0x0000000606400000, 0x00000006067ffff8, 0x0000000606800000| 99%| O|  |TAMS 0x0000000606400000| PB 0x0000000606400000| Untracked 
|   2|0x0000000606800000, 0x0000000606bfffd8, 0x0000000606c00000| 99%| O|  |TAMS 0x0000000606800000| PB 0x0000000606800000| Untracked 
|   3|0x0000000606c00000, 0x0000000606fffff8, 0x0000000607000000| 99%| O|  |TAMS 0x0000000606c00000| PB 0x0000000606c00000| Untracked 
|   4|0x0000000607000000, 0x00000006073fffd8, 0x0000000607400000| 99%| O|  |TAMS 0x0000000607000000| PB 0x0000000607000000| Untracked 
|   5|0x0000000607400000, 0x00000006077fffe8, 0x0000000607800000| 99%| O|  |TAMS 0x0000000607400000| PB 0x0000000607400000| Untracked 
|   6|0x0000000607800000, 0x0000000607bfffe0, 0x0000000607c00000| 99%| O|  |TAMS 0x0000000607800000| PB 0x0000000607800000| Untracked 
|   7|0x0000000607c00000, 0x0000000607f05b08, 0x0000000608000000| 75%| O|  |TAMS 0x0000000607c00000| PB 0x0000000607c00000| Untracked 
|   8|0x0000000608000000, 0x00000006080b4830, 0x0000000608400000| 17%| O|Cm|TAMS 0x0000000608000000| PB 0x0000000608000000| Complete 
|   9|0x0000000608400000, 0x0000000608400000, 0x0000000608800000|  0%| F|  |TAMS 0x0000000608400000| PB 0x0000000608400000| Untracked 
|  10|0x0000000608800000, 0x0000000608800000, 0x0000000608c00000|  0%| F|  |TAMS 0x0000000608800000| PB 0x0000000608800000| Untracked 
|  11|0x0000000608c00000, 0x0000000608dbed00, 0x0000000609000000| 43%| E|CS|TAMS 0x0000000608c00000| PB 0x0000000608c00000| Complete 
|  12|0x0000000609000000, 0x0000000609400000, 0x0000000609400000|100%| E|CS|TAMS 0x0000000609000000| PB 0x0000000609000000| Complete 
|  13|0x0000000609400000, 0x00000006094b1600, 0x0000000609800000| 17%| S|  |TAMS 0x0000000609400000| PB 0x0000000609400000| Complete 
|  14|0x0000000609800000, 0x0000000609c00000, 0x0000000609c00000|100%| S|  |TAMS 0x0000000609800000| PB 0x0000000609800000| Complete 
|  15|0x0000000609c00000, 0x000000060a000000, 0x000000060a000000|100%| E|CS|TAMS 0x0000000609c00000| PB 0x0000000609c00000| Complete 
|  16|0x000000060a000000, 0x000000060a400000, 0x000000060a400000|100%| E|CS|TAMS 0x000000060a000000| PB 0x000000060a000000| Complete 
|  17|0x000000060a400000, 0x000000060a800000, 0x000000060a800000|100%| E|CS|TAMS 0x000000060a400000| PB 0x000000060a400000| Complete 
|  18|0x000000060a800000, 0x000000060ac00000, 0x000000060ac00000|100%| E|CS|TAMS 0x000000060a800000| PB 0x000000060a800000| Complete 
|  19|0x000000060ac00000, 0x000000060b000000, 0x000000060b000000|100%| E|CS|TAMS 0x000000060ac00000| PB 0x000000060ac00000| Complete 
|  20|0x000000060b000000, 0x000000060b400000, 0x000000060b400000|100%| E|CS|TAMS 0x000000060b000000| PB 0x000000060b000000| Complete 
|  21|0x000000060b400000, 0x000000060b800000, 0x000000060b800000|100%| E|CS|TAMS 0x000000060b400000| PB 0x000000060b400000| Complete 
|  22|0x000000060b800000, 0x000000060bc00000, 0x000000060bc00000|100%| E|CS|TAMS 0x000000060b800000| PB 0x000000060b800000| Complete 
|  23|0x000000060bc00000, 0x000000060c000000, 0x000000060c000000|100%| E|CS|TAMS 0x000000060bc00000| PB 0x000000060bc00000| Complete 
|  24|0x000000060c000000, 0x000000060c400000, 0x000000060c400000|100%| E|CS|TAMS 0x000000060c000000| PB 0x000000060c000000| Complete 
|  25|0x000000060c400000, 0x000000060c800000, 0x000000060c800000|100%| E|CS|TAMS 0x000000060c400000| PB 0x000000060c400000| Complete 
|  26|0x000000060c800000, 0x000000060cc00000, 0x000000060cc00000|100%| E|CS|TAMS 0x000000060c800000| PB 0x000000060c800000| Complete 
|  27|0x000000060cc00000, 0x000000060d000000, 0x000000060d000000|100%| E|CS|TAMS 0x000000060cc00000| PB 0x000000060cc00000| Complete 
|  28|0x000000060d000000, 0x000000060d400000, 0x000000060d400000|100%| E|CS|TAMS 0x000000060d000000| PB 0x000000060d000000| Complete 
|  29|0x000000060d400000, 0x000000060d800000, 0x000000060d800000|100%| E|CS|TAMS 0x000000060d400000| PB 0x000000060d400000| Complete 

Card table byte_map: [0x00000250f56c0000,0x00000250f6690000] _byte_map_base: 0x00000250f2690000

Marking Bits: (CMBitMap*) 0x00000250eca948b0
 Bits: [0x00000250f6690000, 0x00000250fe510000)

Polling page: 0x00000250ecad0000

Metaspace:

Usage:
  Non-class:     88.39 MB used.
      Class:     13.28 MB used.
       Both:    101.67 MB used.

Virtual space:
  Non-class space:      128.00 MB reserved,      88.88 MB ( 69%) committed,  2 nodes.
      Class space:        1.00 GB reserved,      13.69 MB (  1%) committed,  1 nodes.
             Both:        1.12 GB reserved,     102.56 MB (  9%) committed. 

Chunk freelists:
   Non-Class:  6.91 MB
       Class:  2.33 MB
        Both:  9.23 MB

MaxMetaspaceSize: unlimited
CompressedClassSpaceSize: 1.00 GB
Initial GC threshold: 21.00 MB
Current GC threshold: 170.75 MB
CDS: off
 - commit_granule_bytes: 65536.
 - commit_granule_words: 8192.
 - virtual_space_node_default_size: 8388608.
 - enlarge_chunks_in_place: 1.
 - use_allocation_guard: 0.


Internal statistics:

num_allocs_failed_limit: 9.
num_arena_births: 4844.
num_arena_deaths: 3614.
num_vsnodes_births: 3.
num_vsnodes_deaths: 0.
num_space_committed: 1731.
num_space_uncommitted: 57.
num_chunks_returned_to_freelist: 6004.
num_chunks_taken_from_freelist: 11246.
num_chunk_merges: 1080.
num_chunk_splits: 5320.
num_chunks_enlarged: 3740.
num_inconsistent_stats: 0.

CodeCache: size=49152Kb used=25833Kb max_used=34410Kb free=23318Kb
 bounds [0x00000250f05d0000, 0x00000250f2800000, 0x00000250f35d0000]
 total_blobs=12289 nmethods=11485 adapters=727
 compilation: enabled
              stopped_count=0, restarted_count=0
 full_count=0

Compilation events (20 events):
Event: 13554.303 Thread 0x0000025087097600 35500       1       org.hibernate.type.ManyToOneType::isAlwaysDirtyChecked (2 bytes)
Event: 13554.303 Thread 0x0000025087097600 nmethod 35500 0x00000250f116c590 code [0x00000250f116c720, 0x00000250f116c7e8]
Event: 13554.303 Thread 0x0000025087097600 35501       1       org.hibernate.type.EntityType::isMutable (2 bytes)
Event: 13554.303 Thread 0x0000025087097600 nmethod 35501 0x00000250f118fe10 code [0x00000250f118ffa0, 0x00000250f1190068]
Event: 13554.324 Thread 0x00000250ffac1590 35502       1       org.hibernate.type.AbstractType::isEntityType (2 bytes)
Event: 13554.324 Thread 0x00000250ffac1590 nmethod 35502 0x00000250f119c390 code [0x00000250f119c520, 0x00000250f119c5e8]
Event: 13554.325 Thread 0x0000025087095ac0 35503       1       org.hibernate.metamodel.mapping.EntityMappingType::getJavaType (7 bytes)
Event: 13554.325 Thread 0x0000025087095ac0 nmethod 35503 0x00000250f0841810 code [0x00000250f08419a0, 0x00000250f0841aa8]
Event: 13554.325 Thread 0x0000025087097600 35504       1       org.hibernate.metamodel.mapping.internal.EmbeddableMappingTypeImpl::getEmbeddedValueMapping (5 bytes)
Event: 13554.326 Thread 0x0000025087097600 nmethod 35504 0x00000250f11c8490 code [0x00000250f11c8620, 0x00000250f11c86f0]
Event: 13554.602 Thread 0x0000025087096f30 35505       1       com.zaxxer.hikari.pool.HikariPool$PoolEntryCreator::call (5 bytes)
Event: 13554.602 Thread 0x00000250ffac1590 35506   !   1       com.zaxxer.hikari.pool.HikariPool$PoolEntryCreator::call (251 bytes)
Event: 13554.602 Thread 0x0000025087099140 35507  s    1       com.zaxxer.hikari.pool.HikariPool$PoolEntryCreator::shouldContinueCreating (76 bytes)
Event: 13554.602 Thread 0x0000025087096f30 nmethod 35505 0x00000250f11c8a90 code [0x00000250f11c8c20, 0x00000250f11c8d08]
Event: 13554.602 Thread 0x0000025087099140 nmethod 35507 0x00000250f1540d90 code [0x00000250f1540f60, 0x00000250f1541298]
Event: 13554.603 Thread 0x00000250ffac1590 nmethod 35506 0x00000250f1615b10 code [0x00000250f1615de0, 0x00000250f1616bf0]
Event: 13566.488 Thread 0x0000025087099140 35508       1       org.springframework.boot.devtools.filewatch.ChangedFile::hashCode (19 bytes)
Event: 13566.489 Thread 0x0000025087099140 nmethod 35508 0x00000250f0e68510 code [0x00000250f0e686e0, 0x00000250f0e68898]
Event: 13594.165 Thread 0x00000250ffac1590 35509       1       org.apache.catalina.core.ContainerBase::getBackgroundProcessorDelay (5 bytes)
Event: 13594.165 Thread 0x00000250ffac1590 nmethod 35509 0x00000250f11ee490 code [0x00000250f11ee620, 0x00000250f11ee6e8]

GC Heap History (20 events):
Event: 13356.123 GC heap after
{Heap after GC invocations=131 (full 16):
 garbage-first heap   total 122880K, used 37449K [0x0000000606000000, 0x0000000800000000)
  region size 4096K, 2 young (8192K), 2 survivors (8192K)
 Metaspace       used 99466K, committed 100544K, reserved 1179648K
  class space    used 13131K, committed 13696K, reserved 1048576K
}
Event: 13372.060 GC heap before
{Heap before GC invocations=132 (full 16):
 garbage-first heap   total 122880K, used 98889K [0x0000000606000000, 0x0000000800000000)
  region size 4096K, 17 young (69632K), 2 survivors (8192K)
 Metaspace       used 99664K, committed 100736K, reserved 1179648K
  class space    used 13137K, committed 13696K, reserved 1048576K
}
Event: 13372.063 GC heap after
{Heap after GC invocations=133 (full 16):
 garbage-first heap   total 323584K, used 35751K [0x0000000606000000, 0x0000000800000000)
  region size 4096K, 1 young (4096K), 1 survivors (4096K)
 Metaspace       used 99664K, committed 100736K, reserved 1179648K
  class space    used 13137K, committed 13696K, reserved 1048576K
}
Event: 13457.520 GC heap before
{Heap before GC invocations=133 (full 16):
 garbage-first heap   total 323584K, used 220071K [0x0000000606000000, 0x0000000800000000)
  region size 4096K, 47 young (192512K), 1 survivors (4096K)
 Metaspace       used 100647K, committed 101504K, reserved 1179648K
  class space    used 13253K, committed 13696K, reserved 1048576K
}
Event: 13457.525 GC heap after
{Heap after GC invocations=134 (full 16):
 garbage-first heap   total 323584K, used 39022K [0x0000000606000000, 0x0000000800000000)
  region size 4096K, 2 young (8192K), 2 survivors (8192K)
 Metaspace       used 100647K, committed 101504K, reserved 1179648K
  class space    used 13253K, committed 13696K, reserved 1048576K
}
Event: 13471.910 GC heap before
{Heap before GC invocations=134 (full 16):
 garbage-first heap   total 323584K, used 211054K [0x0000000606000000, 0x0000000800000000)
  region size 4096K, 46 young (188416K), 2 survivors (8192K)
 Metaspace       used 101639K, committed 102528K, reserved 1179648K
  class space    used 13380K, committed 13824K, reserved 1048576K
}
Event: 13471.915 GC heap after
{Heap after GC invocations=135 (full 16):
 garbage-first heap   total 323584K, used 38368K [0x0000000606000000, 0x0000000800000000)
  region size 4096K, 2 young (8192K), 2 survivors (8192K)
 Metaspace       used 101639K, committed 102528K, reserved 1179648K
  class space    used 13380K, committed 13824K, reserved 1048576K
}
Event: 13472.715 GC heap before
{Heap before GC invocations=136 (full 16):
 garbage-first heap   total 151552K, used 112096K [0x0000000606000000, 0x0000000800000000)
  region size 4096K, 21 young (86016K), 2 survivors (8192K)
 Metaspace       used 102395K, committed 103296K, reserved 1179648K
  class space    used 13449K, committed 13888K, reserved 1048576K
}
Event: 13472.719 GC heap after
{Heap after GC invocations=137 (full 16):
 garbage-first heap   total 151552K, used 43407K [0x0000000606000000, 0x0000000800000000)
  region size 4096K, 3 young (12288K), 3 survivors (12288K)
 Metaspace       used 102395K, committed 103296K, reserved 1179648K
  class space    used 13449K, committed 13888K, reserved 1048576K
}
Event: 13546.402 GC heap before
{Heap before GC invocations=138 (full 16):
 garbage-first heap   total 151552K, used 100751K [0x0000000606000000, 0x0000000800000000)
  region size 4096K, 18 young (73728K), 3 survivors (12288K)
 Metaspace       used 102475K, committed 103424K, reserved 1179648K
  class space    used 13456K, committed 13888K, reserved 1048576K
}
Event: 13546.447 GC heap after
{Heap after GC invocations=139 (full 17):
 garbage-first heap   total 122880K, used 32725K [0x0000000606000000, 0x0000000800000000)
  region size 4096K, 0 young (0K), 0 survivors (0K)
 Metaspace       used 102430K, committed 103424K, reserved 1179648K
  class space    used 13447K, committed 13888K, reserved 1048576K
}
Event: 13546.830 GC heap before
{Heap before GC invocations=139 (full 17):
 garbage-first heap   total 122880K, used 98261K [0x0000000606000000, 0x0000000800000000)
  region size 4096K, 17 young (69632K), 0 survivors (0K)
 Metaspace       used 102801K, committed 103680K, reserved 1179648K
  class space    used 13487K, committed 13888K, reserved 1048576K
}
Event: 13546.835 GC heap after
{Heap after GC invocations=140 (full 17):
 garbage-first heap   total 122880K, used 38510K [0x0000000606000000, 0x0000000800000000)
  region size 4096K, 2 young (8192K), 2 survivors (8192K)
 Metaspace       used 102801K, committed 103680K, reserved 1179648K
  class space    used 13487K, committed 13888K, reserved 1048576K
}
Event: 13547.096 GC heap before
{Heap before GC invocations=141 (full 17):
 garbage-first heap   total 122880K, used 99950K [0x0000000606000000, 0x0000000800000000)
  region size 4096K, 17 young (69632K), 2 survivors (8192K)
 Metaspace       used 103453K, committed 104320K, reserved 1179648K
  class space    used 13540K, committed 13952K, reserved 1048576K
}
Event: 13547.100 GC heap after
{Heap after GC invocations=142 (full 17):
 garbage-first heap   total 122880K, used 41869K [0x0000000606000000, 0x0000000800000000)
  region size 4096K, 3 young (12288K), 3 survivors (12288K)
 Metaspace       used 103453K, committed 104320K, reserved 1179648K
  class space    used 13540K, committed 13952K, reserved 1048576K
}
Event: 13553.786 GC heap before
{Heap before GC invocations=142 (full 17):
 garbage-first heap   total 122880K, used 66445K [0x0000000606000000, 0x0000000800000000)
  region size 4096K, 10 young (40960K), 3 survivors (12288K)
 Metaspace       used 103568K, committed 104448K, reserved 1179648K
  class space    used 13547K, committed 13952K, reserved 1048576K
}
Event: 13553.833 GC heap after
{Heap after GC invocations=143 (full 18):
 garbage-first heap   total 122880K, used 32488K [0x0000000606000000, 0x0000000800000000)
  region size 4096K, 0 young (0K), 0 survivors (0K)
 Metaspace       used 103562K, committed 104448K, reserved 1179648K
  class space    used 13546K, committed 13952K, reserved 1048576K
}
Event: 13554.237 GC heap before
{Heap before GC invocations=143 (full 18):
 garbage-first heap   total 122880K, used 102120K [0x0000000606000000, 0x0000000800000000)
  region size 4096K, 17 young (69632K), 0 survivors (0K)
 Metaspace       used 103944K, committed 104896K, reserved 1179648K
  class space    used 13584K, committed 14016K, reserved 1048576K
}
Event: 13554.239 GC heap after
{Heap after GC invocations=144 (full 18):
 garbage-first heap   total 122880K, used 38371K [0x0000000606000000, 0x0000000800000000)
  region size 4096K, 2 young (8192K), 2 survivors (8192K)
 Metaspace       used 103944K, committed 104896K, reserved 1179648K
  class space    used 13584K, committed 14016K, reserved 1048576K
}
Event: 13627.426 GC heap before
{Heap before GC invocations=145 (full 18):
 garbage-first heap   total 122880K, used 99811K [0x0000000606000000, 0x0000000800000000)
  region size 4096K, 17 young (69632K), 2 survivors (8192K)
 Metaspace       used 104111K, committed 105024K, reserved 1179648K
  class space    used 13603K, committed 14016K, reserved 1048576K
}

Dll operation events (12 events):
Event: 0.135 Loaded shared library E:\util\spring-tool-suite-4-4.26.0.RELEASE-e4.33.0-win32.win32.x86_64\sts-4.26.0.RELEASE\plugins\org.eclipse.justj.openjdk.hotspot.jre.full.win32.x86_64_21.0.4.v20240802-1551\jre\bin\java.dll
Event: 0.141 Loaded shared library E:\util\spring-tool-suite-4-4.26.0.RELEASE-e4.33.0-win32.win32.x86_64\sts-4.26.0.RELEASE\plugins\org.eclipse.justj.openjdk.hotspot.jre.full.win32.x86_64_21.0.4.v20240802-1551\jre\bin\zip.dll
Event: 0.454 Loaded shared library E:\util\spring-tool-suite-4-4.26.0.RELEASE-e4.33.0-win32.win32.x86_64\sts-4.26.0.RELEASE\plugins\org.eclipse.justj.openjdk.hotspot.jre.full.win32.x86_64_21.0.4.v20240802-1551\jre\bin\instrument.dll
Event: 0.462 Loaded shared library E:\util\spring-tool-suite-4-4.26.0.RELEASE-e4.33.0-win32.win32.x86_64\sts-4.26.0.RELEASE\plugins\org.eclipse.justj.openjdk.hotspot.jre.full.win32.x86_64_21.0.4.v20240802-1551\jre\bin\net.dll
Event: 0.463 Loaded shared library E:\util\spring-tool-suite-4-4.26.0.RELEASE-e4.33.0-win32.win32.x86_64\sts-4.26.0.RELEASE\plugins\org.eclipse.justj.openjdk.hotspot.jre.full.win32.x86_64_21.0.4.v20240802-1551\jre\bin\nio.dll
Event: 0.470 Loaded shared library E:\util\spring-tool-suite-4-4.26.0.RELEASE-e4.33.0-win32.win32.x86_64\sts-4.26.0.RELEASE\plugins\org.eclipse.justj.openjdk.hotspot.jre.full.win32.x86_64_21.0.4.v20240802-1551\jre\bin\zip.dll
Event: 0.566 Loaded shared library E:\util\spring-tool-suite-4-4.26.0.RELEASE-e4.33.0-win32.win32.x86_64\sts-4.26.0.RELEASE\plugins\org.eclipse.justj.openjdk.hotspot.jre.full.win32.x86_64_21.0.4.v20240802-1551\jre\bin\jimage.dll
Event: 0.611 Loaded shared library E:\util\spring-tool-suite-4-4.26.0.RELEASE-e4.33.0-win32.win32.x86_64\sts-4.26.0.RELEASE\plugins\org.eclipse.justj.openjdk.hotspot.jre.full.win32.x86_64_21.0.4.v20240802-1551\jre\bin\management.dll
Event: 0.620 Loaded shared library E:\util\spring-tool-suite-4-4.26.0.RELEASE-e4.33.0-win32.win32.x86_64\sts-4.26.0.RELEASE\plugins\org.eclipse.justj.openjdk.hotspot.jre.full.win32.x86_64_21.0.4.v20240802-1551\jre\bin\management_ext.dll
Event: 0.788 Loaded shared library E:\util\spring-tool-suite-4-4.26.0.RELEASE-e4.33.0-win32.win32.x86_64\sts-4.26.0.RELEASE\plugins\org.eclipse.justj.openjdk.hotspot.jre.full.win32.x86_64_21.0.4.v20240802-1551\jre\bin\extnet.dll
Event: 0.811 Loaded shared library E:\util\spring-tool-suite-4-4.26.0.RELEASE-e4.33.0-win32.win32.x86_64\sts-4.26.0.RELEASE\plugins\org.eclipse.justj.openjdk.hotspot.jre.full.win32.x86_64_21.0.4.v20240802-1551\jre\bin\verify.dll
Event: 1.763 Loaded shared library E:\util\spring-tool-suite-4-4.26.0.RELEASE-e4.33.0-win32.win32.x86_64\sts-4.26.0.RELEASE\plugins\org.eclipse.justj.openjdk.hotspot.jre.full.win32.x86_64_21.0.4.v20240802-1551\jre\bin\sunmscapi.dll

Deoptimization events (20 events):
Event: 13554.323 Thread 0x000002508602ac90 DEOPT PACKING pc=0x00000250f1dcb7fc sp=0x00000073e4dfc330
Event: 13554.323 Thread 0x000002508602ac90 DEOPT UNPACKING pc=0x00000250f0624e42 sp=0x00000073e4dfb920 mode 1
Event: 13554.323 Thread 0x000002508602ac90 DEOPT PACKING pc=0x00000250f1dc8b4c sp=0x00000073e4dfc550
Event: 13554.323 Thread 0x000002508602ac90 DEOPT UNPACKING pc=0x00000250f0624e42 sp=0x00000073e4dfbbb0 mode 1
Event: 13554.323 Thread 0x000002508602ac90 DEOPT PACKING pc=0x00000250f104fc5c sp=0x00000073e4dfbf20
Event: 13554.323 Thread 0x000002508602ac90 DEOPT UNPACKING pc=0x00000250f0624e42 sp=0x00000073e4dfb548 mode 1
Event: 13554.323 Thread 0x000002508602ac90 DEOPT PACKING pc=0x00000250f1be1284 sp=0x00000073e4dfc110
Event: 13554.323 Thread 0x000002508602ac90 DEOPT UNPACKING pc=0x00000250f0624e42 sp=0x00000073e4dfb758 mode 1
Event: 13554.323 Thread 0x000002508602ac90 DEOPT PACKING pc=0x00000250f1dcb7fc sp=0x00000073e4dfc330
Event: 13554.323 Thread 0x000002508602ac90 DEOPT UNPACKING pc=0x00000250f0624e42 sp=0x00000073e4dfb920 mode 1
Event: 13554.323 Thread 0x000002508602ac90 DEOPT PACKING pc=0x00000250f1dc8b4c sp=0x00000073e4dfc550
Event: 13554.323 Thread 0x000002508602ac90 DEOPT UNPACKING pc=0x00000250f0624e42 sp=0x00000073e4dfbbb0 mode 1
Event: 13554.324 Thread 0x000002508602ac90 DEOPT PACKING pc=0x00000250f18d3d6c sp=0x00000073e4dfbc80
Event: 13554.324 Thread 0x000002508602ac90 DEOPT UNPACKING pc=0x00000250f0624e42 sp=0x00000073e4dfb1b8 mode 1
Event: 13554.324 Thread 0x000002508602ac90 DEOPT PACKING pc=0x00000250f0ae6e74 sp=0x00000073e4dfbd70
Event: 13554.324 Thread 0x000002508602ac90 DEOPT UNPACKING pc=0x00000250f0624e42 sp=0x00000073e4dfb320 mode 1
Event: 13554.324 Thread 0x000002508602ac90 DEOPT PACKING pc=0x00000250f0a28d2c sp=0x00000073e4dfbee0
Event: 13554.324 Thread 0x000002508602ac90 DEOPT UNPACKING pc=0x00000250f0624e42 sp=0x00000073e4dfb4a0 mode 1
Event: 13564.924 Thread 0x000002508602ac90 DEOPT PACKING pc=0x00000250f0a07c94 sp=0x00000073e4dfca60
Event: 13564.924 Thread 0x000002508602ac90 DEOPT UNPACKING pc=0x00000250f0624e42 sp=0x00000073e4dfbf18 mode 0

Classes loaded (20 events):
Event: 366.772 Loading class com/sun/org/apache/xerces/internal/dom/DeferredAttrNSImpl
Event: 366.772 Loading class com/sun/org/apache/xerces/internal/dom/AttrNSImpl
Event: 366.772 Loading class com/sun/org/apache/xerces/internal/dom/AttrNSImpl done
Event: 366.772 Loading class com/sun/org/apache/xerces/internal/dom/DeferredAttrNSImpl done
Event: 997.886 Loading class java/time/DurationEditor
Event: 997.886 Loading class java/time/DurationEditor done
Event: 1424.106 Loading class java/time/DurationEditor
Event: 1424.106 Loading class java/time/DurationEditor done
Event: 2252.610 Loading class java/time/DurationEditor
Event: 2252.610 Loading class java/time/DurationEditor done
Event: 2415.622 Loading class java/time/DurationEditor
Event: 2415.622 Loading class java/time/DurationEditor done
Event: 2946.562 Loading class java/lang/NegativeArraySizeException
Event: 2946.563 Loading class java/lang/NegativeArraySizeException done
Event: 3079.510 Loading class java/time/DurationEditor
Event: 3079.510 Loading class java/time/DurationEditor done
Event: 11904.552 Loading class java/time/DurationEditor
Event: 11904.552 Loading class java/time/DurationEditor done
Event: 13232.806 Loading class java/time/DurationEditor
Event: 13232.806 Loading class java/time/DurationEditor done

Classes unloaded (20 events):
Event: 13546.416 Thread 0x00000250ff9e83f0 Unloading class 0x0000000800d26800 'org/apache/catalina/loader/JdbcLeakPrevention'
Event: 13546.416 Thread 0x00000250ff9e83f0 Unloading class 0x0000000800d61800 'java/lang/invoke/LambdaForm$MH+0x0000000800d61800'
Event: 13546.416 Thread 0x00000250ff9e83f0 Unloading class 0x0000000800cbdc00 'java/lang/invoke/LambdaForm$MH+0x0000000800cbdc00'
Event: 13546.416 Thread 0x00000250ff9e83f0 Unloading class 0x0000000800d0a400 'java/lang/invoke/LambdaForm$MH+0x0000000800d0a400'
Event: 13546.416 Thread 0x00000250ff9e83f0 Unloading class 0x0000000800b09800 'org/apache/catalina/loader/JdbcLeakPrevention'
Event: 13546.416 Thread 0x00000250ff9e83f0 Unloading class 0x0000000800c24000 'java/lang/invoke/LambdaForm$MH+0x0000000800c24000'
Event: 13546.416 Thread 0x00000250ff9e83f0 Unloading class 0x0000000800235000 'java/lang/invoke/LambdaForm$MH+0x0000000800235000'
Event: 13546.416 Thread 0x00000250ff9e83f0 Unloading class 0x0000000800ce9800 'org/apache/catalina/loader/JdbcLeakPrevention'
Event: 13553.800 Thread 0x00000250ff9e83f0 Unloading class 0x0000000800d99c00 'jdk/internal/reflect/GeneratedSerializationConstructorAccessor179'
Event: 13553.800 Thread 0x00000250ff9e83f0 Unloading class 0x0000000800d83800 'org/apache/catalina/loader/JdbcLeakPrevention'
Event: 13554.251 Thread 0x00000250ff9e83f0 Unloading class 0x0000000800d81000 'java/lang/invoke/LambdaForm$MH+0x0000000800d81000'
Event: 13554.251 Thread 0x00000250ff9e83f0 Unloading class 0x0000000800d80c00 'java/lang/invoke/LambdaForm$MH+0x0000000800d80c00'
Event: 13554.251 Thread 0x00000250ff9e83f0 Unloading class 0x0000000800d80800 'java/lang/invoke/LambdaForm$MH+0x0000000800d80800'
Event: 13554.251 Thread 0x00000250ff9e83f0 Unloading class 0x0000000800d80400 'java/lang/invoke/LambdaForm$MH+0x0000000800d80400'
Event: 13554.251 Thread 0x00000250ff9e83f0 Unloading class 0x0000000800d35000 'java/lang/invoke/LambdaForm$MH+0x0000000800d35000'
Event: 13554.251 Thread 0x00000250ff9e83f0 Unloading class 0x0000000800d62c00 'java/lang/invoke/LambdaForm$MH+0x0000000800d62c00'
Event: 13554.251 Thread 0x00000250ff9e83f0 Unloading class 0x0000000800d2c800 'java/lang/invoke/LambdaForm$MH+0x0000000800d2c800'
Event: 13554.251 Thread 0x00000250ff9e83f0 Unloading class 0x0000000800d53c00 'java/lang/invoke/LambdaForm$MH+0x0000000800d53c00'
Event: 13554.251 Thread 0x00000250ff9e83f0 Unloading class 0x000000080029c400 'java/lang/invoke/LambdaForm$MH+0x000000080029c400'
Event: 13554.251 Thread 0x00000250ff9e83f0 Unloading class 0x0000000800bd5000 'java/lang/invoke/LambdaForm$MH+0x0000000800bd5000'

Classes redefined (8 events):
Event: 13227.025 Thread 0x00000250ff9e83f0 redefined class name=com.jjsoft.pos.entity.ProductEntity, count=1
Event: 13227.025 Thread 0x00000250ff9e83f0 redefined class name=com.jjsoft.pos.entity.ProductEntity, count=1
Event: 13227.025 Thread 0x00000250ff9e83f0 redefined class name=com.jjsoft.pos.entity.ProductEntity, count=1
Event: 13227.025 Thread 0x00000250ff9e83f0 redefined class name=com.jjsoft.pos.entity.ProductEntity, count=1
Event: 13294.264 Thread 0x00000250ff9e83f0 redefined class name=com.jjsoft.pos.entity.ProductLotEntity, count=1
Event: 13294.264 Thread 0x00000250ff9e83f0 redefined class name=com.jjsoft.pos.entity.ProductLotEntity, count=1
Event: 13294.264 Thread 0x00000250ff9e83f0 redefined class name=com.jjsoft.pos.entity.ProductLotEntity, count=1
Event: 13294.264 Thread 0x00000250ff9e83f0 redefined class name=com.jjsoft.pos.entity.ProductLotEntity, count=1

Internal exceptions (20 events):
Event: 13546.669 Thread 0x000002508ee38140 Exception <a 'java/lang/NoClassDefFoundError'{0x000000060b7f94c8}: liquibase/integration/spring/SpringLiquibase> (0x000000060b7f94c8) 
thrown [s\src\hotspot\share\oops\constantPool.cpp, line 873]
Event: 13546.670 Thread 0x000002508ee38140 Exception <a 'java/lang/NoClassDefFoundError'{0x000000060b029a18}: org/springframework/batch/core/repository/JobRepository> (0x000000060b029a18) 
thrown [s\src\hotspot\share\oops\constantPool.cpp, line 873]
Event: 13546.671 Thread 0x000002508ee38140 Exception <a 'java/lang/NoClassDefFoundError'{0x000000060b02a070}: org/quartz/Scheduler> (0x000000060b02a070) 
thrown [s\src\hotspot\share\oops\constantPool.cpp, line 873]
Event: 13546.671 Thread 0x000002508ee38140 Exception <a 'java/lang/NoClassDefFoundError'{0x000000060b02a6f0}: org/springframework/session/jdbc/JdbcIndexedSessionRepository> (0x000000060b02a6f0) 
thrown [s\src\hotspot\share\oops\constantPool.cpp, line 873]
Event: 13546.673 Thread 0x000002508ee38140 Exception <a 'java/lang/NoClassDefFoundError'{0x000000060b08ddc0}: org/jooq/DSLContext> (0x000000060b08ddc0) 
thrown [s\src\hotspot\share\oops\constantPool.cpp, line 873]
Event: 13546.710 Thread 0x000002508ee38140 Exception <a 'java/io/FileNotFoundException'{0x000000060a8cfa18}> (0x000000060a8cfa18) 
thrown [s\src\hotspot\share\prims\jni.cpp, line 520]
Event: 13546.710 Thread 0x000002508ee38140 Exception <a 'java/io/FileNotFoundException'{0x000000060a8d0c28}> (0x000000060a8d0c28) 
thrown [s\src\hotspot\share\prims\jni.cpp, line 520]
Event: 13546.728 Thread 0x000002508ee38140 Exception <a 'java/io/FileNotFoundException'{0x000000060ab123f8}> (0x000000060ab123f8) 
thrown [s\src\hotspot\share\prims\jni.cpp, line 520]
Event: 13553.769 Thread 0x00000250883f0150 Exception <a 'java/lang/InterruptedException'{0x000000060c3f4808}: sleep interrupted> (0x000000060c3f4808) 
thrown [s\src\hotspot\share\prims\jvm.cpp, line 3074]
Event: 13553.786 Thread 0x00000250883ed9f0 Exception <a 'java/lang/InterruptedException'{0x000000060be52b10}: sleep interrupted> (0x000000060be52b10) 
thrown [s\src\hotspot\share\prims\jvm.cpp, line 3074]
Event: 13553.841 Thread 0x000002508602ac90 Exception <a 'sun/nio/fs/WindowsException'{0x000000060d4c28a8}> (0x000000060d4c28a8) 
thrown [s\src\hotspot\share\prims\jni.cpp, line 520]
Event: 13554.079 Thread 0x000002508602ac90 Exception <a 'java/lang/NoClassDefFoundError'{0x000000060b0322d8}: org/flywaydb/core/Flyway> (0x000000060b0322d8) 
thrown [s\src\hotspot\share\oops\constantPool.cpp, line 873]
Event: 13554.080 Thread 0x000002508602ac90 Exception <a 'java/lang/NoClassDefFoundError'{0x000000060b032938}: liquibase/integration/spring/SpringLiquibase> (0x000000060b032938) 
thrown [s\src\hotspot\share\oops\constantPool.cpp, line 873]
Event: 13554.082 Thread 0x000002508602ac90 Exception <a 'java/lang/NoClassDefFoundError'{0x000000060b062e30}: org/springframework/batch/core/repository/JobRepository> (0x000000060b062e30) 
thrown [s\src\hotspot\share\oops\constantPool.cpp, line 873]
Event: 13554.082 Thread 0x000002508602ac90 Exception <a 'java/lang/NoClassDefFoundError'{0x000000060b063488}: org/quartz/Scheduler> (0x000000060b063488) 
thrown [s\src\hotspot\share\oops\constantPool.cpp, line 873]
Event: 13554.083 Thread 0x000002508602ac90 Exception <a 'java/lang/NoClassDefFoundError'{0x000000060b063b08}: org/springframework/session/jdbc/JdbcIndexedSessionRepository> (0x000000060b063b08) 
thrown [s\src\hotspot\share\oops\constantPool.cpp, line 873]
Event: 13554.084 Thread 0x000002508602ac90 Exception <a 'java/lang/NoClassDefFoundError'{0x000000060b0c8258}: org/jooq/DSLContext> (0x000000060b0c8258) 
thrown [s\src\hotspot\share\oops\constantPool.cpp, line 873]
Event: 13554.123 Thread 0x000002508602ac90 Exception <a 'java/io/FileNotFoundException'{0x000000060a928730}> (0x000000060a928730) 
thrown [s\src\hotspot\share\prims\jni.cpp, line 520]
Event: 13554.123 Thread 0x000002508602ac90 Exception <a 'java/io/FileNotFoundException'{0x000000060a929940}> (0x000000060a929940) 
thrown [s\src\hotspot\share\prims\jni.cpp, line 520]
Event: 13554.136 Thread 0x000002508602ac90 Exception <a 'java/io/FileNotFoundException'{0x000000060ab57660}> (0x000000060ab57660) 
thrown [s\src\hotspot\share\prims\jni.cpp, line 520]

ZGC Phase Switch (0 events):
No events

VM Operations (20 events):
Event: 13624.811 Executing VM operation: get/set locals done
Event: 13624.811 Executing VM operation: get/set locals
Event: 13624.811 Executing VM operation: get/set locals done
Event: 13624.811 Executing VM operation: get/set locals
Event: 13624.811 Executing VM operation: get/set locals done
Event: 13624.811 Executing VM operation: get/set locals
Event: 13624.811 Executing VM operation: get/set locals done
Event: 13624.811 Executing VM operation: get/set locals
Event: 13624.811 Executing VM operation: get/set locals done
Event: 13624.812 Executing VM operation: get/set locals
Event: 13624.812 Executing VM operation: get/set locals done
Event: 13624.812 Executing VM operation: get/set locals
Event: 13624.812 Executing VM operation: get/set locals done
Event: 13624.812 Executing VM operation: get/set locals
Event: 13624.812 Executing VM operation: get/set locals done
Event: 13624.812 Executing VM operation: get/set locals
Event: 13624.812 Executing VM operation: get/set locals done
Event: 13624.812 Executing VM operation: get/set locals
Event: 13624.812 Executing VM operation: get/set locals done
Event: 13627.426 Executing VM operation: G1CollectForAllocation (G1 Evacuation Pause)

Memory protections (0 events):
No events

Nmethod flushes (20 events):
Event: 13554.264 Thread 0x00000250ff9e83f0 flushing  nmethod 0x00000250f204ec90
Event: 13554.264 Thread 0x00000250ff9e83f0 flushing  nmethod 0x00000250f2051c90
Event: 13554.264 Thread 0x00000250ff9e83f0 flushing  nmethod 0x00000250f08b1990
Event: 13554.264 Thread 0x00000250ff9e83f0 flushing  nmethod 0x00000250f0a7e510
Event: 13554.264 Thread 0x00000250ff9e83f0 flushing  nmethod 0x00000250f0c93e10
Event: 13554.264 Thread 0x00000250ff9e83f0 flushing  nmethod 0x00000250f1a5a710
Event: 13554.264 Thread 0x00000250ff9e83f0 flushing  nmethod 0x00000250f1a7fa90
Event: 13554.264 Thread 0x00000250ff9e83f0 flushing  nmethod 0x00000250f1a7ff10
Event: 13554.264 Thread 0x00000250ff9e83f0 flushing  nmethod 0x00000250f1a80210
Event: 13554.264 Thread 0x00000250ff9e83f0 flushing  nmethod 0x00000250f1a80510
Event: 13554.264 Thread 0x00000250ff9e83f0 flushing  nmethod 0x00000250f1a80890
Event: 13554.264 Thread 0x00000250ff9e83f0 flushing  nmethod 0x00000250f1a80c10
Event: 13554.264 Thread 0x00000250ff9e83f0 flushing  nmethod 0x00000250f1a80f10
Event: 13554.264 Thread 0x00000250ff9e83f0 flushing  nmethod 0x00000250f1a81290
Event: 13554.264 Thread 0x00000250ff9e83f0 flushing  nmethod 0x00000250f1a81610
Event: 13554.264 Thread 0x00000250ff9e83f0 flushing  nmethod 0x00000250f1a81910
Event: 13554.264 Thread 0x00000250ff9e83f0 flushing  nmethod 0x00000250f1e1f510
Event: 13554.264 Thread 0x00000250ff9e83f0 flushing  nmethod 0x00000250f2743490
Event: 13554.264 Thread 0x00000250ff9e83f0 flushing  nmethod 0x00000250f2745110
Event: 13554.264 Thread 0x00000250ff9e83f0 flushing  nmethod 0x00000250f275b210

Events (20 events):
Event: 13554.137 Thread 0x000002508602ac90 Thread added: 0x0000025086029f70
Event: 13554.137 Thread 0x000002508602ac90 Thread added: 0x000002508ee39b80
Event: 13554.137 Thread 0x000002508602ac90 Thread added: 0x000002508ee38e60
Event: 13554.137 Thread 0x000002508602ac90 Thread added: 0x000002508ee394f0
Event: 13554.137 Thread 0x000002508602ac90 Thread added: 0x000002508ee3a210
Event: 13554.137 Thread 0x000002508602ac90 Thread added: 0x000002508ee36d90
Event: 13554.137 Thread 0x000002508602ac90 Thread added: 0x000002508ee3bc50
Event: 13554.137 Thread 0x000002508602ac90 Thread added: 0x000002508ee3c2e0
Event: 13554.137 Thread 0x000002508602b9b0 Thread added: 0x000002508ee3d690
Event: 13554.137 Thread 0x000002508602ac90 Thread added: 0x000002508ee3c970
Event: 13554.169 Thread 0x000002508602ac90 Thread added: 0x000002508ee3a8a0
Event: 13554.274 Thread 0x000002508ee3a8a0 Thread added: 0x00000250883eac00
Event: 13554.773 Thread 0x000002508ee38140 Thread exited: 0x000002508ee38140
Event: 13559.614 Thread 0x0000025087097600 Thread exited: 0x0000025087097600
Event: 13559.614 Thread 0x0000025087095ac0 Thread exited: 0x0000025087095ac0
Event: 13559.709 Thread 0x00000250883eac00 Thread exited: 0x00000250883eac00
Event: 13564.621 Thread 0x00000250870983a0 Thread exited: 0x00000250870983a0
Event: 13564.621 Thread 0x0000025087096f30 Thread exited: 0x0000025087096f30
Event: 13571.503 Thread 0x0000025087099140 Thread exited: 0x0000025087099140
Event: 13622.188 Thread 0x000002508e8279f0 Thread exited: 0x000002508e8279f0


Dynamic libraries:
0x00007ff65f910000 - 0x00007ff65f91e000 	E:\util\spring-tool-suite-4-4.26.0.RELEASE-e4.33.0-win32.win32.x86_64\sts-4.26.0.RELEASE\plugins\org.eclipse.justj.openjdk.hotspot.jre.full.win32.x86_64_21.0.4.v20240802-1551\jre\bin\javaw.exe
0x00007ffa072a0000 - 0x00007ffa07503000 	C:\WINDOWS\SYSTEM32\ntdll.dll
0x00007ffa052a0000 - 0x00007ffa05367000 	C:\WINDOWS\System32\KERNEL32.DLL
0x00007ffa049a0000 - 0x00007ffa04d69000 	C:\WINDOWS\System32\KERNELBASE.dll
0x00007ffa04d70000 - 0x00007ffa04ebc000 	C:\WINDOWS\System32\ucrtbase.dll
0x00007ff9c9fd0000 - 0x00007ff9c9fe8000 	E:\util\spring-tool-suite-4-4.26.0.RELEASE-e4.33.0-win32.win32.x86_64\sts-4.26.0.RELEASE\plugins\org.eclipse.justj.openjdk.hotspot.jre.full.win32.x86_64_21.0.4.v20240802-1551\jre\bin\jli.dll
0x00007ffa06f70000 - 0x00007ffa0713a000 	C:\WINDOWS\System32\USER32.dll
0x00007ffa045e0000 - 0x00007ffa04607000 	C:\WINDOWS\System32\win32u.dll
0x00007ffa06370000 - 0x00007ffa0639a000 	C:\WINDOWS\System32\GDI32.dll
0x00007ff9dbbd0000 - 0x00007ff9dbbeb000 	E:\util\spring-tool-suite-4-4.26.0.RELEASE-e4.33.0-win32.win32.x86_64\sts-4.26.0.RELEASE\plugins\org.eclipse.justj.openjdk.hotspot.jre.full.win32.x86_64_21.0.4.v20240802-1551\jre\bin\VCRUNTIME140.dll
0x00007ffa044a0000 - 0x00007ffa045d1000 	C:\WINDOWS\System32\gdi32full.dll
0x00007ff9d85b0000 - 0x00007ff9d8840000 	C:\WINDOWS\WinSxS\amd64_microsoft.windows.common-controls_6595b64144ccf1df_6.0.26100.3323_none_3e088096e3344490\COMCTL32.dll
0x00007ffa04ec0000 - 0x00007ffa04f63000 	C:\WINDOWS\System32\msvcp_win.dll
0x00007ffa065f0000 - 0x00007ffa06699000 	C:\WINDOWS\System32\msvcrt.dll
0x00007ffa06c60000 - 0x00007ffa06c8f000 	C:\WINDOWS\System32\IMM32.DLL
0x00007ff9dbc20000 - 0x00007ff9dbc2c000 	E:\util\spring-tool-suite-4-4.26.0.RELEASE-e4.33.0-win32.win32.x86_64\sts-4.26.0.RELEASE\plugins\org.eclipse.justj.openjdk.hotspot.jre.full.win32.x86_64_21.0.4.v20240802-1551\jre\bin\vcruntime140_1.dll
0x00007ff9a4eb0000 - 0x00007ff9a4f3e000 	E:\util\spring-tool-suite-4-4.26.0.RELEASE-e4.33.0-win32.win32.x86_64\sts-4.26.0.RELEASE\plugins\org.eclipse.justj.openjdk.hotspot.jre.full.win32.x86_64_21.0.4.v20240802-1551\jre\bin\msvcp140.dll
0x00007ff93d940000 - 0x00007ff93e6c8000 	E:\util\spring-tool-suite-4-4.26.0.RELEASE-e4.33.0-win32.win32.x86_64\sts-4.26.0.RELEASE\plugins\org.eclipse.justj.openjdk.hotspot.jre.full.win32.x86_64_21.0.4.v20240802-1551\jre\bin\server\jvm.dll
0x00007ffa05380000 - 0x00007ffa05432000 	C:\WINDOWS\System32\ADVAPI32.dll
0x00007ffa050c0000 - 0x00007ffa05166000 	C:\WINDOWS\System32\sechost.dll
0x00007ffa07140000 - 0x00007ffa07256000 	C:\WINDOWS\System32\RPCRT4.dll
0x00007ffa05b60000 - 0x00007ffa05bd4000 	C:\WINDOWS\System32\WS2_32.dll
0x00007ffa04330000 - 0x00007ffa0437e000 	C:\WINDOWS\SYSTEM32\POWRPROF.dll
0x00007ff9ea8d0000 - 0x00007ff9ea8db000 	C:\WINDOWS\SYSTEM32\VERSION.dll
0x00007ff9f2ed0000 - 0x00007ff9f2f06000 	C:\WINDOWS\SYSTEM32\WINMM.dll
0x00007ffa04310000 - 0x00007ffa04324000 	C:\WINDOWS\SYSTEM32\UMPDC.dll
0x00007ffa03280000 - 0x00007ffa0329a000 	C:\WINDOWS\SYSTEM32\kernel.appcore.dll
0x00007ff9f62f0000 - 0x00007ff9f62fa000 	E:\util\spring-tool-suite-4-4.26.0.RELEASE-e4.33.0-win32.win32.x86_64\sts-4.26.0.RELEASE\plugins\org.eclipse.justj.openjdk.hotspot.jre.full.win32.x86_64_21.0.4.v20240802-1551\jre\bin\jimage.dll
0x00007ffa01780000 - 0x00007ffa019c1000 	C:\WINDOWS\SYSTEM32\DBGHELP.DLL
0x00007ffa066a0000 - 0x00007ffa06a22000 	C:\WINDOWS\System32\combase.dll
0x00007ffa06210000 - 0x00007ffa062e6000 	C:\WINDOWS\System32\OLEAUT32.dll
0x00007ff9e0820000 - 0x00007ff9e0859000 	C:\WINDOWS\SYSTEM32\dbgcore.DLL
0x00007ffa04610000 - 0x00007ffa046a9000 	C:\WINDOWS\System32\bcryptPrimitives.dll
0x00007ff9e0b50000 - 0x00007ff9e0b8c000 	E:\util\spring-tool-suite-4-4.26.0.RELEASE-e4.33.0-win32.win32.x86_64\sts-4.26.0.RELEASE\plugins\org.eclipse.justj.openjdk.hotspot.jre.full.win32.x86_64_21.0.4.v20240802-1551\jre\bin\jdwp.dll
0x00007ff9ea750000 - 0x00007ff9ea75f000 	E:\util\spring-tool-suite-4-4.26.0.RELEASE-e4.33.0-win32.win32.x86_64\sts-4.26.0.RELEASE\plugins\org.eclipse.justj.openjdk.hotspot.jre.full.win32.x86_64_21.0.4.v20240802-1551\jre\bin\instrument.dll
0x00007ff9d9d20000 - 0x00007ff9d9d3f000 	E:\util\spring-tool-suite-4-4.26.0.RELEASE-e4.33.0-win32.win32.x86_64\sts-4.26.0.RELEASE\plugins\org.eclipse.justj.openjdk.hotspot.jre.full.win32.x86_64_21.0.4.v20240802-1551\jre\bin\java.dll
0x00007ff9c9ef0000 - 0x00007ff9c9f08000 	E:\util\spring-tool-suite-4-4.26.0.RELEASE-e4.33.0-win32.win32.x86_64\sts-4.26.0.RELEASE\plugins\org.eclipse.justj.openjdk.hotspot.jre.full.win32.x86_64_21.0.4.v20240802-1551\jre\bin\zip.dll
0x00007ffa05440000 - 0x00007ffa05b55000 	C:\WINDOWS\System32\SHELL32.dll
0x00007ffa046b0000 - 0x00007ffa04818000 	C:\WINDOWS\System32\wintypes.dll
0x00007ffa02140000 - 0x00007ffa02985000 	C:\WINDOWS\SYSTEM32\windows.storage.dll
0x00007ffa06ca0000 - 0x00007ffa06d8b000 	C:\WINDOWS\System32\SHCORE.dll
0x00007ffa063a0000 - 0x00007ffa063fd000 	C:\WINDOWS\System32\shlwapi.dll
0x00007ffa043b0000 - 0x00007ffa043df000 	C:\WINDOWS\SYSTEM32\profapi.dll
0x00007ff9f22e0000 - 0x00007ff9f22eb000 	E:\util\spring-tool-suite-4-4.26.0.RELEASE-e4.33.0-win32.win32.x86_64\sts-4.26.0.RELEASE\plugins\org.eclipse.justj.openjdk.hotspot.jre.full.win32.x86_64_21.0.4.v20240802-1551\jre\bin\dt_socket.dll
0x00007ffa02d50000 - 0x00007ffa02d83000 	C:\WINDOWS\SYSTEM32\IPHLPAPI.DLL
0x00007ffa03780000 - 0x00007ffa037ea000 	C:\WINDOWS\system32\mswsock.dll
0x00007ffa02d90000 - 0x00007ffa02eb5000 	C:\WINDOWS\SYSTEM32\DNSAPI.dll
0x00007ffa05370000 - 0x00007ffa0537a000 	C:\WINDOWS\System32\NSI.dll
0x00007ff9f6e50000 - 0x00007ff9f6e5b000 	C:\Windows\System32\rasadhlp.dll
0x00007ff9f74a0000 - 0x00007ff9f7525000 	C:\WINDOWS\System32\fwpuclnt.dll
0x00007ff9ea740000 - 0x00007ff9ea750000 	E:\util\spring-tool-suite-4-4.26.0.RELEASE-e4.33.0-win32.win32.x86_64\sts-4.26.0.RELEASE\plugins\org.eclipse.justj.openjdk.hotspot.jre.full.win32.x86_64_21.0.4.v20240802-1551\jre\bin\net.dll
0x00007ff9f7070000 - 0x00007ff9f718e000 	C:\WINDOWS\SYSTEM32\WINHTTP.dll
0x00007ff9c8ef0000 - 0x00007ff9c8f06000 	E:\util\spring-tool-suite-4-4.26.0.RELEASE-e4.33.0-win32.win32.x86_64\sts-4.26.0.RELEASE\plugins\org.eclipse.justj.openjdk.hotspot.jre.full.win32.x86_64_21.0.4.v20240802-1551\jre\bin\nio.dll
0x00007ff9dbbc0000 - 0x00007ff9dbbca000 	E:\util\spring-tool-suite-4-4.26.0.RELEASE-e4.33.0-win32.win32.x86_64\sts-4.26.0.RELEASE\plugins\org.eclipse.justj.openjdk.hotspot.jre.full.win32.x86_64_21.0.4.v20240802-1551\jre\bin\management.dll
0x00007ff9dbb50000 - 0x00007ff9dbb5b000 	E:\util\spring-tool-suite-4-4.26.0.RELEASE-e4.33.0-win32.win32.x86_64\sts-4.26.0.RELEASE\plugins\org.eclipse.justj.openjdk.hotspot.jre.full.win32.x86_64_21.0.4.v20240802-1551\jre\bin\management_ext.dll
0x00007ffa05290000 - 0x00007ffa05298000 	C:\WINDOWS\System32\PSAPI.DLL
0x00007ff9d84c0000 - 0x00007ff9d84d8000 	C:\WINDOWS\system32\napinsp.dll
0x00007ff9d8430000 - 0x00007ff9d8442000 	C:\WINDOWS\System32\winrnr.dll
0x00007ff9d83e0000 - 0x00007ff9d8402000 	C:\WINDOWS\system32\nlansp_c.dll
0x00007ff9f5b40000 - 0x00007ff9f5b56000 	C:\WINDOWS\system32\wshbth.dll
0x00007ffa03b30000 - 0x00007ffa03b4c000 	C:\WINDOWS\SYSTEM32\CRYPTSP.dll
0x00007ffa031e0000 - 0x00007ffa0321a000 	C:\WINDOWS\system32\rsaenh.dll
0x00007ffa03820000 - 0x00007ffa0384b000 	C:\WINDOWS\SYSTEM32\USERENV.dll
0x00007ffa03cc0000 - 0x00007ffa03ce6000 	C:\WINDOWS\SYSTEM32\bcrypt.dll
0x00007ffa039b0000 - 0x00007ffa039bc000 	C:\WINDOWS\SYSTEM32\CRYPTBASE.dll
0x00007ff9f2ab0000 - 0x00007ff9f2ab9000 	E:\util\spring-tool-suite-4-4.26.0.RELEASE-e4.33.0-win32.win32.x86_64\sts-4.26.0.RELEASE\plugins\org.eclipse.justj.openjdk.hotspot.jre.full.win32.x86_64_21.0.4.v20240802-1551\jre\bin\extnet.dll
0x00007ff9d6770000 - 0x00007ff9d6780000 	E:\util\spring-tool-suite-4-4.26.0.RELEASE-e4.33.0-win32.win32.x86_64\sts-4.26.0.RELEASE\plugins\org.eclipse.justj.openjdk.hotspot.jre.full.win32.x86_64_21.0.4.v20240802-1551\jre\bin\verify.dll
0x00007ff9e09c0000 - 0x00007ff9e09ce000 	E:\util\spring-tool-suite-4-4.26.0.RELEASE-e4.33.0-win32.win32.x86_64\sts-4.26.0.RELEASE\plugins\org.eclipse.justj.openjdk.hotspot.jre.full.win32.x86_64_21.0.4.v20240802-1551\jre\bin\sunmscapi.dll
0x00007ffa04820000 - 0x00007ffa04997000 	C:\WINDOWS\System32\CRYPT32.dll
0x00007ffa03c80000 - 0x00007ffa03cb0000 	C:\WINDOWS\SYSTEM32\ncrypt.dll
0x00007ffa03c30000 - 0x00007ffa03c6f000 	C:\WINDOWS\SYSTEM32\NTASN1.dll
0x00007ff9ea600000 - 0x00007ff9ea608000 	C:\WINDOWS\system32\wshunix.dll

dbghelp: loaded successfully - version: 4.0.5 - missing functions: none
symbol engine: initialized successfully - sym options: 0x614 - pdb path: .;E:\util\spring-tool-suite-4-4.26.0.RELEASE-e4.33.0-win32.win32.x86_64\sts-4.26.0.RELEASE\plugins\org.eclipse.justj.openjdk.hotspot.jre.full.win32.x86_64_21.0.4.v20240802-1551\jre\bin;C:\WINDOWS\SYSTEM32;C:\WINDOWS\WinSxS\amd64_microsoft.windows.common-controls_6595b64144ccf1df_6.0.26100.3323_none_3e088096e3344490;E:\util\spring-tool-suite-4-4.26.0.RELEASE-e4.33.0-win32.win32.x86_64\sts-4.26.0.RELEASE\plugins\org.eclipse.justj.openjdk.hotspot.jre.full.win32.x86_64_21.0.4.v20240802-1551\jre\bin\server

VM Arguments:
jvm_args: -XX:+ShowCodeDetailsInExceptionMessages -agentlib:jdwp=transport=dt_socket,suspend=y,address=localhost:53985 -Dcom.sun.management.jmxremote -Dcom.sun.management.jmxremote.port=53984 -Dcom.sun.management.jmxremote.authenticate=false -Dcom.sun.management.jmxremote.ssl=false -Djava.rmi.server.hostname=localhost -Dspring.jmx.enabled=true -Dmanagement.endpoints.jmx.exposure.include=* -Dspring.application.admin.enabled=true -XX:TieredStopAtLevel=1 -Dspring.boot.project.name=pos -javaagent:E:\util\spring-tool-suite-4-4.26.0.RELEASE-e4.33.0-win32.win32.x86_64\sts-4.26.0.RELEASE\configuration\org.eclipse.osgi\271\0\.cp\lib\javaagent-shaded.jar -Dfile.encoding=UTF-8 -Dstdout.encoding=UTF-8 -Dstderr.encoding=UTF-8 
java_command: com.jjsoft.pos.PosApplication --spring.output.ansi.enabled=always
java_class_path (initial): E:\dev\git\backend\pos\bin\main;E:\dev\git\backend\pos\bin\querydsl;C:\Users\yoonjungho_hp\.gradle\caches\modules-2\files-2.1\org.projectlombok\lombok\1.18.32\17d46b3e205515e1e8efd3ee4d57ce8018914163\lombok-1.18.32.jar;C:\Users\yoonjungho_hp\.gradle\caches\modules-2\files-2.1\org.springframework.boot\spring-boot-starter-web\3.3.0\d8f587bc52e6c31dc4f161a49ce8f5e19f8853a9\spring-boot-starter-web-3.3.0.jar;C:\Users\yoonjungho_hp\.gradle\caches\modules-2\files-2.1\org.springframework.boot\spring-boot-starter-validation\3.3.0\567b0ee4be72f0888addbbb52f66979d5e6ecf1\spring-boot-starter-validation-3.3.0.jar;C:\Users\yoonjungho_hp\.gradle\caches\modules-2\files-2.1\org.springframework.boot\spring-boot-starter-data-jpa\3.3.0\daa6f75f99e68f11f473a5681955764ff4d4b024\spring-boot-starter-data-jpa-3.3.0.jar;C:\Users\yoonjungho_hp\.gradle\caches\modules-2\files-2.1\com.querydsl\querydsl-jpa\5.0.0\2a653852848dee41b967d3520be3339f0f92f1ea\querydsl-jpa-5.0.0-jakarta.jar;C:\Users\yoonjungho_hp\.gradle\caches\modules-2\files-2.1\org.mybatis.spring.boot\mybatis-spring-boot-starter\3.0.3\19528356bf8bad2be5f8bf796dfc30bcc4996054\mybatis-spring-boot-starter-3.0.3.jar;C:\Users\yoonjungho_hp\.gradle\caches\modules-2\files-2.1\org.mariadb.jdbc\mariadb-java-client\3.3.3\149f773186f5b7d2e840cfaecf4e3bcdddf7b065\mariadb-java-client-3.3.3.jar;C:\Users\yoonjungho_hp\.gradle\caches\modules-2\files-2.1\org.springframework.boot\spring-boot-starter-data-redis\3.3.0\e7eb6624750b2159f2978c0a40a8f334afadb0ed\spring-boot-starter-data-redis-3.3.0.jar;C:\Users\yoonjungho_hp\.gradle\caches\modules-2\files-2.1\org.springframework.boot\spring-boot-starter-json\3.3.0\1c9938093b372602f121e2b073f490897388cc71\spring-boot-starter-json-3.3.0.jar;C:\Users\yoonjungho_hp\.gradle\caches\modules-2\files-2.1\org.springframework.boot\spring-boot-starter-aop\3.3.0\f160f43a3f58618c92677d249a64def02a76830c\spring-boot-starter-aop-3.3.0.jar;C:\Users\yoonjungho_hp\.gradle\caches\modules-2\files-2.1\org.springframework.boot\spring-boot-starter-jdbc\3.3.0\d2521191455fbf05c8d5bb49f39cb6d8fcb004b\spring-boot-starter-jdbc-3.3.0.jar;C:\Users\yoonjungho_hp\.gradle\caches\modules-2\files-2.1\org.springframework.boot\spring-boot-starter\3.3.0\1af929e0fcb10c2bfc3f3619f4ca9049bd927b\spring-boot-starter-3.3.0.jar;C:\Users\yoonjungho_hp\.gradle\caches\modules-2\files-2.1\org.springframework.boot\spring-boot-starter-tomcat\3.3.0\f9cdd6f3976d307e10cce065349e331d7162faf2\spring-boot-starter-tomcat-3.3.0.jar;C:\Users\yoonjungho_hp\.gradle\caches\modules-2\files-2.1\org.springframework\spring-webmvc\6.1.8\8496f8c010625bc0b857d19d2e93a9bdd691c1af\spring-webmvc-6.1.8.jar;C:\Users\yoonjungho_hp\.gradle\caches\modules-2\files-2.1\org.springframework\spring-web\6.1.8\1461405dc325c82a0a058df033bee3d8c6dd6e41\spring-web-6.1.8.jar;C:\Users\yoonjungho_hp\.gradle\caches\modules-2\files-2.1\org.apache.tomcat.embed\tomcat-embed-el\10.1.24\6e9c9dce63c10f903cb0aaaeff45f5f7092f5527\tomcat-embed-el-10.1.24.jar;C:\Users\yoonjungho_hp\.gradle\caches\modules-2\files-2.1\org.hibernate.validator\hibernate-validator\8.0.1.Final\e49e116b3d3928060599b176b3538bb848718e95\hibernate-validator-8.0.1.Final.jar;C:\Users\yoonjungho_hp\.gradle\caches\modules-2\files-2.1\org.hibernate.orm\hibernate-core\6.5.2.Final\e9e0cc47f6cd2b2553968aee66bd9e55e7485221\hibernate-core-6.5.2.Final.jar;C:\Users\yoonjungho_hp\.gradle\caches\modules-2\files-2.1\org.springframework.data\spring-data-jpa\3.3.0\b1a00d814eeffd3024ddc9967b8f1e38d6f9deb7\spring-data-jpa-3.3.0.jar;C:\Users\yoonjungho_hp\.gradle\caches\modules-2\files-2.1\org.springframework\spring-aspects\6.1.8\14565483b4dc6171a8d28f953cb202ecbf8fbd0e\spring-aspects-6.1.8.jar;C:\Users\yoonjungho_hp\.gradle\caches\modules-2\files-2.1\com.querydsl\querydsl-core\5.1.0\be322c3fe98de8e7c204afb8860bfabd81a3bafd\querydsl-core-5.1.0.jar;C:\Users\yoonjungho_hp\.gradle\caches\modules-2\files-2.1\org.mybatis.spring.boot\mybatis-spring-boot-autoconfigure\3.0.3\b73a2effa4f60a2eeca98aa12ea3437faede0f73\mybatis-spring-boot-autoconfigure-3.0.3.jar;C:\Users\yoonjungho_hp\.gradle\caches\modules-2\files-2.1\org.mybatis\mybatis\3.5.14\d94d2267d1caf1c31748123e671dcea5ad1a6f8\mybatis-3.5.14.jar;C:\Users\yoonjungho_hp\.gradle\caches\modules-2\files-2.1\org.mybatis\mybatis-spring\3.0.3\5a4ab31bfb62bca615b39ade93de2a607e9b9403\mybatis-spring-3.0.3.jar;C:\Users\yoonjungho_hp\.gradle\caches\modules-2\files-2.1\com.github.waffle\waffle-jna\3.3.0\6c1a06b345702bb1dfd77006af926b091bded851\waffle-jna-3.3.0.jar;C:\Users\yoonjungho_hp\.gradle\caches\modules-2\files-2.1\io.lettuce\lettuce-core\6.3.2.RELEASE\29b2aac09256c5fc2e9e9ad1df41c65dad5e557a\lettuce-core-6.3.2.RELEASE.jar;C:\Users\yoonjungho_hp\.gradle\caches\modules-2\files-2.1\org.springframework.data\spring-data-redis\3.3.0\23c2a56a7ab7d857ff92831a6d5209cb7cd99970\spring-data-redis-3.3.0.jar;C:\Users\yoonjungho_hp\.gradle\caches\modules-2\files-2.1\org.springframework.boot\spring-boot-autoconfigure\3.3.0\1d98cfa94223e6a3a0e0ad301822cef90cc04fbc\spring-boot-autoconfigure-3.3.0.jar;C:\Users\yoonjungho_hp\.gradle\caches\modules-2\files-2.1\org.springframework.boot\spring-boot\3.3.0\83d42f81f312d71b9425f58d1d3f9e8970e51b22\spring-boot-3.3.0.jar;C:\Users\yoonjungho_hp\.gradle\caches\modules-2\files-2.1\org.springframework.boot\spring-boot-starter-logging\3.3.0\79a400c9d7ce3a7cecf296fda402e3100a099bce\spring-boot-starter-logging-3.3.0.jar;C:\Users\yoonjungho_hp\.gradle\caches\modules-2\files-2.1\jakarta.annotation\jakarta.annotation-api\2.1.1\48b9bda22b091b1f48b13af03fe36db3be6e1ae3\jakarta.annotation-api-2.1.1.jar;C:\Users\yoonjungho_hp\.gradle\caches\modules-2\files-2.1\org.springframework.data\spring-data-keyvalue\3.3.0\22c2f2b48cc3561b6a9661ad1a7012a3ed223981\spring-data-keyvalue-3.3.0.jar;C:\Users\yoonjungho_hp\.gradle\caches\modules-2\files-2.1\org.springframework\spring-context-support\6.1.8\26f6bf59023b4adda9588f3715ccc65e588773ae\spring-context-support-6.1.8.jar;C:\Users\yoonjungho_hp\.gradle\caches\modules-2\files-2.1\org.springframework\spring-context\6.1.8\21219a0df58e5b96ef489a172b449232573352e8\spring-context-6.1.8.jar;C:\Users\yoonjungho_hp\.gradle\caches\modules-2\files-2.1\org.springframework\spring-aop\6.1.8\ef793a21e405a88d9d32b92cb459c845ee12b271\spring-aop-6.1.8.jar;C:\Users\yoonjungho_hp\.gradle\caches\modules-2\files-2.1\org.springframework\spring-orm\6.1.8\f66e4c27c29f939083a164513b90ebf7109e76d1\spring-orm-6.1.8.jar;C:\Users\yoonjungho_hp\.gradle\caches\modules-2\files-2.1\org.springframework\spring-jdbc\6.1.8\a744f02da5a64f2b497f143c461a5d5d675051e6\spring-jdbc-6.1.8.jar;C:\Users\yoonjungho_hp\.gradle\caches\modules-2\files-2.1\org.springframework.data\spring-data-commons\3.3.0\4dc8ab6219476c3893b27f29ea232ad71911c86e\spring-data-commons-3.3.0.jar;C:\Users\yoonjungho_hp\.gradle\caches\modules-2\files-2.1\org.springframework\spring-tx\6.1.8\1f0249f1785d39f9e21694aaeb4b02916abda632\spring-tx-6.1.8.jar;C:\Users\yoonjungho_hp\.gradle\caches\modules-2\files-2.1\org.springframework\spring-oxm\6.1.8\3901593d281eb6c2dff64c123136c14c3611453c\spring-oxm-6.1.8.jar;C:\Users\yoonjungho_hp\.gradle\caches\modules-2\files-2.1\org.springframework\spring-beans\6.1.8\79a5e45383542ff514b5328fe277410cf4054f3b\spring-beans-6.1.8.jar;C:\Users\yoonjungho_hp\.gradle\caches\modules-2\files-2.1\org.springframework\spring-expression\6.1.8\dcf78ef442c24f32ff8c6a9746e7f5209b330111\spring-expression-6.1.8.jar;C:\Users\yoonjungho_hp\.gradle\caches\modules-2\files-2.1\org.springframework\spring-core\6.1.8\141fc11a5dbaa503fe361150312ad0fa9d9c03da\spring-core-6.1.8.jar;C:\Users\yoonjungho_hp\.gradle\caches\modules-2\files-2.1\org.yaml\snakeyaml\2.2\3af797a25458550a16bf89acc8e4ab2b7f2bfce0\snakeyaml-2.2.jar;C:\Users\yoonjungho_hp\.gradle\caches\modules-2\files-2.1\com.fasterxml.jackson.datatype\jackson-datatype-jsr310\2.17.1\969b0c3cb8c75d759e9a6c585c44c9b9f3a4f75\jackson-datatype-jsr310-2.17.1.jar;C:\Users\yoonjungho_hp\.gradle\caches\modules-2\files-2.1\com.fasterxml.jackson.module\jackson-module-parameter-names\2.17.1\74a998f6fbcedbddedf0a27e8ce72078b2e516a6\jackson-module-parameter-names-2.17.1.jar;C:\Users\yoonjungho_hp\.gradle\caches\modules-2\files-2.1\com.fasterxml.jackson.core\jackson-annotations\2.17.1\fca7ef6192c9ad05d07bc50da991bf937a84af3a\jackson-annotations-2.17.1.jar;C:\Users\yoonjungho_hp\.gradle\caches\modules-2\files-2.1\com.fasterxml.jackson.core\jackson-core\2.17.1\5e52a11644cd59a28ef79f02bddc2cc3bab45edb\jackson-core-2.17.1.jar;C:\Users\yoonjungho_hp\.gradle\caches\modules-2\files-2.1\com.fasterxml.jackson.datatype\jackson-datatype-jdk8\2.17.1\76b495194c36058904c82e288d285a1bd13f0ffa\jackson-datatype-jdk8-2.17.1.jar;C:\Users\yoonjungho_hp\.gradle\caches\modules-2\files-2.1\com.fasterxml.jackson.core\jackson-databind\2.17.1\524dcbcccdde7d45a679dfc333e4763feb09079\jackson-databind-2.17.1.jar;C:\Users\yoonjungho_hp\.gradle\caches\modules-2\files-2.1\org.apache.tomcat.embed\tomcat-embed-websocket\10.1.24\938419aba5a4f4645b9cd23a9e1d5453e85d09b9\tomcat-embed-websocket-10.1.24.jar;C:\Users\yoonjungho_hp\.gradle\caches\modules-2\files-2.1\org.apache.tomcat.embed\tomcat-embed-core\10.1.24\cd9358f0a26d26e1a2c7200f69cb9a302c20ceb4\tomcat-embed-core-10.1.24.jar;C:\Users\yoonjungho_hp\.gradle\caches\modules-2\files-2.1\io.micrometer\micrometer-observation\1.13.0\5aa75fbb4367dc3b28e557d14535d21335dc8985\micrometer-observation-1.13.0.jar;C:\Users\yoonjungho_hp\.gradle\caches\modules-2\files-2.1\jakarta.validation\jakarta.validation-api\3.0.2\92b6631659ba35ca09e44874d3eb936edfeee532\jakarta.validation-api-3.0.2.jar;C:\Users\yoonjungho_hp\.gradle\caches\modules-2\files-2.1\org.jboss.logging\jboss-logging\3.5.3.Final\c88fc1d8a96d4c3491f55d4317458ccad53ca663\jboss-logging-3.5.3.Final.jar;C:\Users\yoonjungho_hp\.gradle\caches\modules-2\files-2.1\com.fasterxml\classmate\1.7.0\e98374da1f2143ac8e6e0a95036994bb19137a3\classmate-1.7.0.jar;C:\Users\yoonjungho_hp\.gradle\caches\modules-2\files-2.1\org.aspectj\aspectjweaver\1.9.22\10736ab74a53af5e2e1b07e76335a5391526b6f8\aspectjweaver-1.9.22.jar;C:\Users\yoonjungho_hp\.gradle\caches\modules-2\files-2.1\com.zaxxer\HikariCP\5.1.0\8c96e36c14461fc436bb02b264b96ef3ca5dca8c\HikariCP-5.1.0.jar;C:\Users\yoonjungho_hp\.gradle\caches\modules-2\files-2.1\jakarta.persistence\jakarta.persistence-api\3.1.0\66901fa1c373c6aff65c13791cc11da72060a8d6\jakarta.persistence-api-3.1.0.jar;C:\Users\yoonjungho_hp\.gradle\caches\modules-2\files-2.1\jakarta.transaction\jakarta.transaction-api\2.0.1\51a520e3fae406abb84e2e1148e6746ce3f80a1a\jakarta.transaction-api-2.0.1.jar;C:\Users\yoonjungho_hp\.gradle\caches\modules-2\files-2.1\org.antlr\antlr4-runtime\4.13.0\5a02e48521624faaf5ff4d99afc88b01686af655\antlr4-runtime-4.13.0.jar;C:\Users\yoonjungho_hp\.gradle\caches\modules-2\files-2.1\org.slf4j\jcl-over-slf4j\2.0.13\d062d6e35605aabee0c727a950e29d39ac0a262e\jcl-over-slf4j-2.0.13.jar;C:\Users\yoonjungho_hp\.gradle\caches\modules-2\files-2.1\ch.qos.logback\logback-classic\1.5.6\afc75d260d838a3bddfb8f207c2805ed7d1b34f9\logback-classic-1.5.6.jar;C:\Users\yoonjungho_hp\.gradle\caches\modules-2\files-2.1\org.apache.logging.log4j\log4j-to-slf4j\2.23.1\425ad1eb8a39904d2830e907a324e956fb456520\log4j-to-slf4j-2.23.1.jar;C:\Users\yoonjungho_hp\.gradle\caches\modules-2\files-2.1\org.slf4j\jul-to-slf4j\2.0.13\a3bcd9d9dd50c71ce69f06b1fd05e40fdeff6ba5\jul-to-slf4j-2.0.13.jar;C:\Users\yoonjungho_hp\.gradle\caches\modules-2\files-2.1\org.slf4j\slf4j-api\2.0.13\80229737f704b121a318bba5d5deacbcf395bc77\slf4j-api-2.0.13.jar;C:\Users\yoonjungho_hp\.gradle\caches\modules-2\files-2.1\com.mysema.commons\mysema-commons-lang\0.2.4\d09c8489d54251a6c22fbce804bdd4a070557317\mysema-commons-lang-0.2.4.jar;C:\Users\yoonjungho_hp\.gradle\caches\modules-2\files-2.1\net.java.dev.jna\jna-platform\5.13.0\88e9a306715e9379f3122415ef4ae759a352640d\jna-platform-5.13.0.jar;C:\Users\yoonjungho_hp\.gradle\caches\modules-2\files-2.1\net.java.dev.jna\jna\5.13.0\1200e7ebeedbe0d10062093f32925a912020e747\jna-5.13.0.jar;C:\Users\yoonjungho_hp\.gradle\caches\modules-2\files-2.1\com.github.ben-manes.caffeine\caffeine\3.1.8\24795585df8afaf70a2cd534786904ea5889c047\caffeine-3.1.8.jar;C:\Users\yoonjungho_hp\.gradle\caches\modules-2\files-2.1\org.checkerframework\checker-qual\3.37.0\ba74746d38026581c12166e164bb3c15e90cc4ea\checker-qual-3.37.0.jar;C:\Users\yoonjungho_hp\.gradle\caches\modules-2\files-2.1\io.netty\netty-handler\4.1.110.Final\168db749c22652ee7fed1ebf7ec46ce856d75e51\netty-handler-4.1.110.Final.jar;C:\Users\yoonjungho_hp\.gradle\caches\modules-2\files-2.1\io.netty\netty-transport-native-unix-common\4.1.110.Final\a7096e7c0a25a983647909d7513f5d4943d589c0\netty-transport-native-unix-common-4.1.110.Final.jar;C:\Users\yoonjungho_hp\.gradle\caches\modules-2\files-2.1\io.netty\netty-codec\4.1.110.Final\f1fa43b03e93ab88e805b6a4e3e83780c80b47d2\netty-codec-4.1.110.Final.jar;C:\Users\yoonjungho_hp\.gradle\caches\modules-2\files-2.1\io.netty\netty-transport\4.1.110.Final\b91f04c39ac14d6a29d07184ef305953ee6e0348\netty-transport-4.1.110.Final.jar;C:\Users\yoonjungho_hp\.gradle\caches\modules-2\files-2.1\io.netty\netty-resolver\4.1.110.Final\66c15921104cda0159b34e316541bc765dfaf3c0\netty-resolver-4.1.110.Final.jar;C:\Users\yoonjungho_hp\.gradle\caches\modules-2\files-2.1\io.netty\netty-buffer\4.1.110.Final\3d918a9ee057d995c362902b54634fc307132aac\netty-buffer-4.1.110.Final.jar;C:\Users\yoonjungho_hp\.gradle\caches\modules-2\files-2.1\io.netty\netty-common\4.1.110.Final\ec361e7e025c029be50c55c8480080cabcbc01e7\netty-common-4.1.110.Final.jar;C:\Users\yoonjungho_hp\.gradle\caches\modules-2\files-2.1\io.projectreactor\reactor-core\3.6.6\b337a57753cf1bf653a7eb1083c1117c449a353b\reactor-core-3.6.6.jar;C:\Users\yoonjungho_hp\.gradle\caches\modules-2\files-2.1\org.springframework\spring-jcl\6.1.8\a545266a6efac9283353a922783a0a06f197ec0\spring-jcl-6.1.8.jar;C:\Users\yoonjungho_hp\.gradle\caches\modules-2\files-2.1\io.micrometer\micrometer-commons\1.13.0\156a59aff8d72c5e631eb4a2d739373ed5881609\micrometer-commons-1.13.0.jar;C:\Users\yoonjungho_hp\.gradle\caches\modules-2\files-2.1\com.google.errorprone\error_prone_annotations\2.21.1\6d9b10773b5237df178a7b3c1b4208df7d0e7f94\error_prone_annotations-2.21.1.jar;C:\Users\yoonjungho_hp\.gradle\caches\modules-2\files-2.1\org.reactivestreams\reactive-streams\1.0.4\3864a1320d97d7b045f729a326e1e077661f31b7\reactive-streams-1.0.4.jar;C:\Users\yoonjungho_hp\.gradle\caches\modules-2\files-2.1\ch.qos.logback\logback-core\1.5.6\41cbe874701200c5624c19e0ab50d1b88dfcc77d\logback-core-1.5.6.jar;C:\Users\yoonjungho_hp\.gradle\caches\modules-2\files-2.1\org.apache.logging.log4j\log4j-api\2.23.1\9c15c29c526d9c6783049c0a77722693c66706e1\log4j-api-2.23.1.jar;C:\Users\yoonjungho_hp\.gradle\caches\modules-2\files-2.1\org.springframework.boot\spring-boot-devtools\3.3.0\39c6e0d1648deda614d6876524a2778cbd3ddc3c\spring-boot-devtools-3.3.0.jar;C:\Users\yoonjungho_hp\.gradle\caches\modules-2\files-2.1\org.hibernate.common\hibernate-commons-annotations\6.0.6.Final\77a5f94b56d49508e0ee334751db5b78e5ccd50c\hibernate-commons-annotations-6.0.6.Final.jar;C:\Users\yoonjungho_hp\.gradle\caches\modules-2\files-2.1\io.smallrye\jandex\3.1.2\a6c1c89925c7df06242b03dddb353116ceb9584c\jandex-3.1.2.jar;C:\Users\yoonjungho_hp\.gradle\caches\modules-2\files-2.1\net.bytebuddy\byte-buddy\1.14.16\e1b9a06e131b7d5b183c8ccc7c29b9e5a8dba077\byte-buddy-1.14.16.jar;C:\Users\yoonjungho_hp\.gradle\caches\modules-2\files-2.1\org.glassfish.jaxb\jaxb-runtime\4.0.5\ca84c2a7169b5293e232b9d00d1e4e36d4c3914a\jaxb-runtime-4.0.5.jar;C:\Users\yoonjungho_hp\.gradle\caches\modules-2\files-2.1\org.glassfish.jaxb\jaxb-core\4.0.5\7b4b11ea5542eea4ad55e1080b23be436795b3\jaxb-core-4.0.5.jar;C:\Users\yoonjungho_hp\.gradle\caches\modules-2\files-2.1\jakarta.xml.bind\jakarta.xml.bind-api\4.0.2\6cd5a999b834b63238005b7144136379dc36cad2\jakarta.xml.bind-api-4.0.2.jar;C:\Users\yoonjungho_hp\.gradle\caches\modules-2\files-2.1\jakarta.inject\jakarta.inject-api\2.0.1\4c28afe1991a941d7702fe1362c365f0a8641d1e\jakarta.inject-api-2.0.1.jar;C:\Users\yoonjungho_hp\.gradle\caches\modules-2\files-2.1\org.eclipse.angus\angus-activation\2.0.2\41f1e0ddd157c856926ed149ab837d110955a9fc\angus-activation-2.0.2.jar;C:\Users\yoonjungho_hp\.gradle\caches\modules-2\files-2.1\jakarta.activation\jakarta.activation-api\2.1.3\fa165bd70cda600368eee31555222776a46b881f\jakarta.activation-api-2.1.3.jar;C:\Users\yoonjungho_hp\.gradle\caches\modules-2\files-2.1\org.glassfish.jaxb\txw2\4.0.5\f36a4ef12120a9bb06d766d6a0e54b144fd7ed98\txw2-4.0.5.jar;C:\Users\yoonjungho_hp\.gradle\caches\modules-2\files-2.1\com.sun.istack\istack-commons-runtime\4.1.2\18ec117c85f3ba0ac65409136afa8e42bc74e739\istack-commons-runtime-4.1.2.jar
Launcher Type: SUN_STANDARD

[Global flags]
     intx CICompilerCount                          = 12                                        {product} {ergonomic}
     uint ConcGCThreads                            = 4                                         {product} {ergonomic}
     uint G1ConcRefinementThreads                  = 16                                        {product} {ergonomic}
   size_t G1HeapRegionSize                         = 4194304                                   {product} {ergonomic}
    uintx GCDrainStackTargetSize                   = 64                                        {product} {ergonomic}
   size_t InitialHeapSize                          = 532676608                                 {product} {ergonomic}
     bool ManagementServer                         = true                                      {product} {command line}
   size_t MarkStackSize                            = 4194304                                   {product} {ergonomic}
   size_t MaxHeapSize                              = 8489271296                                {product} {ergonomic}
   size_t MaxNewSize                               = 5091885056                                {product} {ergonomic}
   size_t MinHeapDeltaBytes                        = 4194304                                   {product} {ergonomic}
   size_t MinHeapSize                              = 8388608                                   {product} {ergonomic}
    uintx NonNMethodCodeHeapSize                   = 4096                                   {pd product} {ergonomic}
    uintx NonProfiledCodeHeapSize                  = 0                                      {pd product} {ergonomic}
     bool ProfileInterpreter                       = false                                  {pd product} {command line}
    uintx ProfiledCodeHeapSize                     = 0                                      {pd product} {ergonomic}
     bool ShowCodeDetailsInExceptionMessages       = true                                   {manageable} {command line}
   size_t SoftMaxHeapSize                          = 8489271296                             {manageable} {ergonomic}
     intx TieredStopAtLevel                        = 1                                         {product} {command line}
     bool UseCompressedOops                        = true                           {product lp64_product} {ergonomic}
     bool UseG1GC                                  = true                                      {product} {ergonomic}
     bool UseLargePagesIndividualAllocation        = false                                  {pd product} {ergonomic}

Logging:
Log output configuration:
 #0: stdout all=warning uptime,level,tags foldmultilines=false
 #1: stderr all=off uptime,level,tags foldmultilines=false

Environment Variables:
PATH=E:\util\spring-tool-suite-4-4.26.0.RELEASE-e4.33.0-win32.win32.x86_64\sts-4.26.0.RELEASE\plugins\org.eclipse.justj.openjdk.hotspot.jre.full.win32.x86_64_21.0.4.v20240802-1551\jre\bin;E:/util/spring-tool-suite-4-4.26.0.RELEASE-e4.33.0-win32.win32.x86_64/sts-4.26.0.RELEASE//plugins/org.eclipse.justj.openjdk.hotspot.jre.full.win32.x86_64_21.0.4.v20240802-1551/jre/bin/server;E:/util/spring-tool-suite-4-4.26.0.RELEASE-e4.33.0-win32.win32.x86_64/sts-4.26.0.RELEASE//plugins/org.eclipse.justj.openjdk.hotspot.jre.full.win32.x86_64_21.0.4.v20240802-1551/jre/bin;C:\Program Files\Common Files\Oracle\Java\javapath;C:\WINDOWS\system32;C:\WINDOWS;C:\WINDOWS\System32\Wbem;C:\WINDOWS\System32\WindowsPowerShell\v1.0\;C:\WINDOWS\System32\OpenSSH\;C:\Program Files\Git\cmd;C:\apache-maven-3.9.9-bin\apache-maven-3.9.9\bin;C:\Program Files\Docker\Docker\resources\bin;C:\Program Files\nodejs\;C:\Users\yoonjungho_hp\AppData\Local\Microsoft\WindowsApps;C:\Users\yoonjungho_hp\AppData\Local\Programs\Microsoft VS Code\bin;C:\Users\yoonjungho_hp\AppData\Roaming\npm;E:\util\spring-tool-suite-4-4.26.0.RELEASE-e4.33.0-win32.win32.x86_64\sts-4.26.0.RELEASE;
USERNAME=yoonjungho_hp
OS=Windows_NT
PROCESSOR_IDENTIFIER=Intel64 Family 6 Model 170 Stepping 4, GenuineIntel
TMP=C:\Users\YOONJU~1\AppData\Local\Temp
TEMP=C:\Users\YOONJU~1\AppData\Local\Temp




Periodic native trim disabled

---------------  S Y S T E M  ---------------

OS:
 Windows 11 , 64 bit Build 26100 (10.0.26100.3323)
OS uptime: 0 days 6:58 hours
Hyper-V role detected

CPU: total 22 (initial active 22) (11 cores per cpu, 2 threads per core) family 6 model 170 stepping 4 microcode 0x1c, cx8, cmov, fxsr, ht, mmx, 3dnowpref, sse, sse2, sse3, ssse3, sse4.1, sse4.2, popcnt, lzcnt, tsc, tscinvbit, avx, avx2, aes, erms, clmul, bmi1, bmi2, adx, sha, fma, vzeroupper, clflush, clflushopt, clwb, hv, serialize, rdtscp, rdpid, fsrm, f16c, cet_ibt, cet_ss
Processor Information for processor 0
  Max Mhz: 1400, Current Mhz: 1400, Mhz Limit: 1400
Processor Information for processor 1
  Max Mhz: 1400, Current Mhz: 1400, Mhz Limit: 1400
Processor Information for processor 2
  Max Mhz: 3800, Current Mhz: 900, Mhz Limit: 874
Processor Information for processor 3
  Max Mhz: 3800, Current Mhz: 900, Mhz Limit: 874
Processor Information for processor 4
  Max Mhz: 3800, Current Mhz: 900, Mhz Limit: 874
Processor Information for processor 5
  Max Mhz: 3800, Current Mhz: 900, Mhz Limit: 874
Processor Information for processor 6
  Max Mhz: 3800, Current Mhz: 900, Mhz Limit: 874
Processor Information for processor 7
  Max Mhz: 3800, Current Mhz: 900, Mhz Limit: 874
Processor Information for processor 8
  Max Mhz: 3800, Current Mhz: 900, Mhz Limit: 874
Processor Information for processor 9
  Max Mhz: 3800, Current Mhz: 900, Mhz Limit: 874
Processor Information for processor 10
  Max Mhz: 1400, Current Mhz: 1400, Mhz Limit: 1400
Processor Information for processor 11
  Max Mhz: 1400, Current Mhz: 1400, Mhz Limit: 1400
Processor Information for processor 12
  Max Mhz: 1400, Current Mhz: 1400, Mhz Limit: 1400
Processor Information for processor 13
  Max Mhz: 1400, Current Mhz: 1400, Mhz Limit: 1400
Processor Information for processor 14
  Max Mhz: 1400, Current Mhz: 1400, Mhz Limit: 1400
Processor Information for processor 15
  Max Mhz: 1400, Current Mhz: 1400, Mhz Limit: 1400
Processor Information for processor 16
  Max Mhz: 1400, Current Mhz: 1400, Mhz Limit: 1400
Processor Information for processor 17
  Max Mhz: 1400, Current Mhz: 1400, Mhz Limit: 1400
Processor Information for processor 18
  Max Mhz: 1400, Current Mhz: 1400, Mhz Limit: 1400
Processor Information for processor 19
  Max Mhz: 1400, Current Mhz: 1400, Mhz Limit: 1400
Processor Information for processor 20
  Max Mhz: 2500, Current Mhz: 700, Mhz Limit: 700
Processor Information for processor 21
  Max Mhz: 2500, Current Mhz: 700, Mhz Limit: 700

Memory: 4k page, system-wide physical 32368M (15398M free)
TotalPageFile size 34416M (AvailPageFile size 11528M)
current process WorkingSet (physical memory assigned to process): 353M, peak: 539M
current process commit charge ("private bytes"): 419M, peak: 642M

vm_info: OpenJDK 64-Bit Server VM (21.0.4+7-LTS) for windows-amd64 JRE (21.0.4+7-LTS), built on 2024-07-16T00:00:00Z by "admin" with MS VC++ 17.7 (VS2022)

END.
